#
# There is insufficient memory for the Java Runtime Environment to continue.
# Native memory allocation (malloc) failed to allocate 1360496 bytes for Chunk::new
# Possible reasons:
#   The system is out of physical RAM or swap space
#   The process is running with CompressedOops enabled, and the Java Heap may be blocking the growth of the native heap
# Possible solutions:
#   Reduce memory load on the system
#   Increase physical memory or swap space
#   Check if swap backing store is full
#   Decrease Java heap size (-Xmx/-Xms)
#   Decrease number of Java threads
#   Decrease Java thread stack sizes (-Xss)
#   Set larger code cache with -XX:ReservedCodeCacheSize=
#   JVM is running with Unscaled Compressed Oops mode in which the Java heap is
#     placed in the first 4GB address space. The Java Heap base address is the
#     maximum limit for the native heap growth. Please use -XX:HeapBaseMinAddress
#     to set the Java Heap base and to place the Java Heap above 4GB virtual address.
# This output file may be truncated or incomplete.
#
#  Out of Memory Error (./src/hotspot/share/memory/arena.cpp:197), pid=13328, tid=1620
#
# JRE version: OpenJDK Runtime Environment (11.0.13) (build 11.0.13+0-b1751.21-8125866)
# Java VM: OpenJDK 64-Bit Server VM (11.0.13+0-b1751.21-8125866, mixed mode, tiered, compressed oops, g1 gc, windows-amd64)
# No core dump will be written. Minidumps are not enabled by default on client versions of Windows
#

---------------  S U M M A R Y ------------

Command Line: --add-opens=java.base/java.util=ALL-UNNAMED --add-opens=java.base/java.lang=ALL-UNNAMED --add-opens=java.base/java.lang.invoke=ALL-UNNAMED --add-opens=java.base/java.util=ALL-UNNAMED --add-opens=java.prefs/java.util.prefs=ALL-UNNAMED --add-opens=java.prefs/java.util.prefs=ALL-UNNAMED --add-opens=java.base/java.nio.charset=ALL-UNNAMED --add-opens=java.base/java.net=ALL-UNNAMED --add-opens=java.base/java.util.concurrent.atomic=ALL-UNNAMED -Xmx2048m -Dfile.encoding=UTF-8 -Duser.country=US -Duser.language=en -Duser.variant org.gradle.launcher.daemon.bootstrap.GradleDaemon 7.4

Host: Intel(R) Core(TM) i5-8250U CPU @ 1.60GHz, 8 cores, 11G,  Windows 10 , 64 bit Build 19041 (10.0.19041.3636)
Time: Fri Mar 15 15:56:51 2024 India Standard Time elapsed time: 24.349920 seconds (0d 0h 0m 24s)

---------------  T H R E A D  ---------------

Current thread (0x0000013fbb0bc000):  JavaThread "C2 CompilerThread1" daemon [_thread_in_native, id=1620, stack(0x0000003564f00000,0x0000003565000000)]


Current CompileTask:
C2:  24350 7352 %     4       org.gradle.internal.instantiation.generator.AbstractClassGenerator::inspectType @ 341 (560 bytes)

Stack: [0x0000003564f00000,0x0000003565000000]
Native frames: (J=compiled Java code, j=interpreted, Vv=VM code, C=native code)
V  [jvm.dll+0x6100fa]
V  [jvm.dll+0x747090]
V  [jvm.dll+0x7486ad]
V  [jvm.dll+0x748d83]
V  [jvm.dll+0x24ab48]
V  [jvm.dll+0xc04dc]
V  [jvm.dll+0xc0a0c]
V  [jvm.dll+0x2bfab4]
V  [jvm.dll+0x524238]
V  [jvm.dll+0x20b193]
V  [jvm.dll+0x204ca0]
V  [jvm.dll+0x2023c2]
V  [jvm.dll+0x188e01]
V  [jvm.dll+0x21106b]
V  [jvm.dll+0x20f8c1]
V  [jvm.dll+0x70de0f]
V  [jvm.dll+0x706a75]
V  [jvm.dll+0x60ed66]
C  [ucrtbase.dll+0x21bb2]
C  [KERNEL32.DLL+0x17344]
C  [ntdll.dll+0x526b1]


---------------  P R O C E S S  ---------------

Threads class SMR info:
_java_thread_list=0x0000013fb8b12b90, length=123, elements={
0x0000013f9a7b9800, 0x0000013fb54ba000, 0x0000013fb54c3800, 0x0000013fb5516800,
0x0000013fb5517800, 0x0000013fb551a000, 0x0000013fb5520000, 0x0000013fb552c000,
0x0000013fb554d800, 0x0000013fb56a2800, 0x0000013fb6913800, 0x0000013fb7aa8000,
0x0000013fb7515000, 0x0000013fb7845000, 0x0000013fb7043800, 0x0000013fb8125800,
0x0000013fb80e0800, 0x0000013fb6f6e000, 0x0000013fb76e6000, 0x0000013fb8ba0800,
0x0000013fb820f800, 0x0000013fb8211000, 0x0000013fb820e800, 0x0000013fb8211800,
0x0000013fb8212800, 0x0000013fb8210000, 0x0000013fb8213800, 0x0000013fb8215000,
0x0000013fb8214000, 0x0000013fbabda800, 0x0000013fbabe1000, 0x0000013fbabdb000,
0x0000013fbabe1800, 0x0000013fbabdd800, 0x0000013fbabde800, 0x0000013fbabdf000,
0x0000013fbabe0000, 0x0000013fbabdc000, 0x0000013fbabe5800, 0x0000013fbabe7800,
0x0000013fbabe6800, 0x0000013fbabe2800, 0x0000013fbabe8000, 0x0000013fbabe9000,
0x0000013fbabe3000, 0x0000013fbabe4000, 0x0000013fbabe5000, 0x0000013fbcae5000,
0x0000013fbcae4000, 0x0000013fbcae2800, 0x0000013fbcae1800, 0x0000013fbcae6800,
0x0000013fbcae1000, 0x0000013fbcae8800, 0x0000013fbcae3800, 0x0000013fbcaea800,
0x0000013fbcaea000, 0x0000013fbcaeb800, 0x0000013fbcae6000, 0x0000013fbcae7800,
0x0000013fbcaef000, 0x0000013fbcaec800, 0x0000013fbcaee000, 0x0000013fbcae9000,
0x0000013fbcaed000, 0x0000013fbcaef800, 0x0000013fb8add000, 0x0000013fb8adc800,
0x0000013fb8ade800, 0x0000013fb8ae1000, 0x0000013fb8ae2000, 0x0000013fb8ae3000,
0x0000013fb8adf800, 0x0000013fb8ade000, 0x0000013fb8ae3800, 0x0000013fb8ae0800,
0x0000013fb8ae8800, 0x0000013fb8ae7800, 0x0000013fb8aea000, 0x0000013fb8ae9800,
0x0000013fb8ae4800, 0x0000013fb8ae7000, 0x0000013fb8aeb000, 0x0000013fb8ae5800,
0x0000013fb8ae6000, 0x0000013fbcaaa000, 0x0000013fbcaae000, 0x0000013fbcaab000,
0x0000013fbcaa9000, 0x0000013fbcab1800, 0x0000013fbcaaf800, 0x0000013fbcaac800,
0x0000013fbcaaf000, 0x0000013fbcab0800, 0x0000013fbcaab800, 0x0000013fbcab2000,
0x0000013fbcab3000, 0x0000013fbcaad800, 0x0000013fbcab4000, 0x0000013fbcab8000,
0x0000013fbcab5800, 0x0000013fbcab4800, 0x0000013fbcab6000, 0x0000013fbcab7000,
0x0000013fbc717000, 0x0000013fbc715000, 0x0000013fbc717800, 0x0000013fbc716000,
0x0000013fbc71e000, 0x0000013fbc719800, 0x0000013fbc71a000, 0x0000013fbc71b000,
0x0000013fbc718800, 0x0000013fbc71c800, 0x0000013fbc720000, 0x0000013fbc721800,
0x0000013fbc720800, 0x0000013fbc71d800, 0x0000013fbc71c000, 0x0000013fbc722800,
0x0000013fbc71f000, 0x0000013fbc723000, 0x0000013fbb0bc000
}

Java Threads: ( => current thread )
  0x0000013f9a7b9800 JavaThread "main" [_thread_blocked, id=7448, stack(0x000000355c500000,0x000000355c600000)]
  0x0000013fb54ba000 JavaThread "Reference Handler" daemon [_thread_blocked, id=9884, stack(0x000000355cc00000,0x000000355cd00000)]
  0x0000013fb54c3800 JavaThread "Finalizer" daemon [_thread_blocked, id=15640, stack(0x000000355cd00000,0x000000355ce00000)]
  0x0000013fb5516800 JavaThread "Signal Dispatcher" daemon [_thread_blocked, id=13760, stack(0x000000355ce00000,0x000000355cf00000)]
  0x0000013fb5517800 JavaThread "Attach Listener" daemon [_thread_blocked, id=19768, stack(0x000000355cf00000,0x000000355d000000)]
  0x0000013fb551a000 JavaThread "Service Thread" daemon [_thread_blocked, id=8700, stack(0x000000355d000000,0x000000355d100000)]
  0x0000013fb5520000 JavaThread "C2 CompilerThread0" daemon [_thread_in_native, id=15888, stack(0x000000355d100000,0x000000355d200000)]
  0x0000013fb552c000 JavaThread "C1 CompilerThread0" daemon [_thread_blocked, id=6032, stack(0x000000355d200000,0x000000355d300000)]
  0x0000013fb554d800 JavaThread "Sweeper thread" daemon [_thread_blocked, id=19980, stack(0x000000355d300000,0x000000355d400000)]
  0x0000013fb56a2800 JavaThread "Common-Cleaner" daemon [_thread_blocked, id=1812, stack(0x000000355d400000,0x000000355d500000)]
  0x0000013fb6913800 JavaThread "Daemon health stats" [_thread_blocked, id=11952, stack(0x000000355da00000,0x000000355db00000)]
  0x0000013fb7aa8000 JavaThread "Incoming local TCP Connector on port 57387" [_thread_in_native, id=14208, stack(0x000000355d600000,0x000000355d700000)]
  0x0000013fb7515000 JavaThread "Daemon periodic checks" [_thread_blocked, id=9256, stack(0x000000355db00000,0x000000355dc00000)]
  0x0000013fb7845000 JavaThread "Daemon" [_thread_blocked, id=3296, stack(0x000000355dc00000,0x000000355dd00000)]
  0x0000013fb7043800 JavaThread "Handler for socket connection from /127.0.0.1:57387 to /127.0.0.1:57389" [_thread_in_native, id=13840, stack(0x000000355dd00000,0x000000355de00000)]
  0x0000013fb8125800 JavaThread "Cancel handler" [_thread_blocked, id=2904, stack(0x000000355de00000,0x000000355df00000)]
  0x0000013fb80e0800 JavaThread "Daemon worker" [_thread_blocked, id=15280, stack(0x000000355df00000,0x000000355e000000)]
  0x0000013fb6f6e000 JavaThread "Asynchronous log dispatcher for DefaultDaemonConnection: socket connection from /127.0.0.1:57387 to /127.0.0.1:57389" [_thread_blocked, id=19992, stack(0x000000355e000000,0x000000355e100000)]
  0x0000013fb76e6000 JavaThread "Stdin handler" [_thread_blocked, id=19612, stack(0x000000355e100000,0x000000355e200000)]
  0x0000013fb8ba0800 JavaThread "Daemon client event forwarder" [_thread_blocked, id=6060, stack(0x000000355e200000,0x000000355e300000)]
  0x0000013fb820f800 JavaThread "Cache worker for journal cache (C:\Users\gadha\.gradle\caches\journal-1)" [_thread_blocked, id=17324, stack(0x000000355e300000,0x000000355e400000)]
  0x0000013fb8211000 JavaThread "File lock request listener" [_thread_in_native, id=15852, stack(0x000000355e400000,0x000000355e500000)]
  0x0000013fb820e800 JavaThread "Cache worker for file hash cache (C:\Users\gadha\.gradle\caches\7.4\fileHashes)" [_thread_blocked, id=4948, stack(0x000000355e500000,0x000000355e600000)]
  0x0000013fb8211800 JavaThread "File watcher server" daemon [_thread_in_native, id=10988, stack(0x000000355ec00000,0x000000355ed00000)]
  0x0000013fb8212800 JavaThread "File watcher consumer" daemon [_thread_blocked, id=11140, stack(0x000000355ee00000,0x000000355ef00000)]
  0x0000013fb8210000 JavaThread "Cache worker for checksums cache (D:\Android\Practice-Demo\RoomDatabase42024\.gradle\7.4\checksums)" [_thread_blocked, id=372, stack(0x000000355ef00000,0x000000355f000000)]
  0x0000013fb8213800 JavaThread "Cache worker for cache directory md-rule (C:\Users\gadha\.gradle\caches\7.4\md-rule)" [_thread_blocked, id=17008, stack(0x000000355f000000,0x000000355f100000)]
  0x0000013fb8215000 JavaThread "Cache worker for file hash cache (D:\Android\Practice-Demo\RoomDatabase42024\.gradle\7.4\fileHashes)" [_thread_blocked, id=18944, stack(0x000000355f100000,0x000000355f200000)]
  0x0000013fb8214000 JavaThread "Cache worker for cache directory md-supplier (C:\Users\gadha\.gradle\caches\7.4\md-supplier)" [_thread_blocked, id=12100, stack(0x000000355f200000,0x000000355f300000)]
  0x0000013fbabda800 JavaThread "Cache worker for execution history cache (C:\Users\gadha\.gradle\caches\7.4\executionHistory)" [_thread_blocked, id=12008, stack(0x000000355ed00000,0x000000355ee00000)]
  0x0000013fbabe1000 JavaThread "jar transforms" [_thread_blocked, id=9056, stack(0x000000355f400000,0x000000355f500000)]
  0x0000013fbabdb000 JavaThread "Cache worker for file content cache (C:\Users\gadha\.gradle\caches\7.4\fileContent)" [_thread_blocked, id=14932, stack(0x000000355f500000,0x000000355f600000)]
  0x0000013fbabe1800 JavaThread "jar transforms Thread 2" [_thread_blocked, id=4992, stack(0x000000355f600000,0x000000355f700000)]
  0x0000013fbabdd800 JavaThread "Cache worker for dependencies-accessors (D:\Android\Practice-Demo\RoomDatabase42024\.gradle\7.4\dependencies-accessors)" [_thread_blocked, id=10180, stack(0x000000355f700000,0x000000355f800000)]
  0x0000013fbabde800 JavaThread "jar transforms Thread 3" [_thread_blocked, id=11092, stack(0x000000355f800000,0x000000355f900000)]
  0x0000013fbabdf000 JavaThread "Cache worker for Build Output Cleanup Cache (D:\Android\Practice-Demo\RoomDatabase42024\.gradle\buildOutputCleanup)" [_thread_blocked, id=4696, stack(0x000000355f300000,0x000000355f400000)]
  0x0000013fbabe0000 JavaThread "Unconstrained build operations" [_thread_blocked, id=18400, stack(0x000000355fa00000,0x000000355fb00000)]
  0x0000013fbabdc000 JavaThread "Unconstrained build operations Thread 2" [_thread_blocked, id=15264, stack(0x000000355fb00000,0x000000355fc00000)]
  0x0000013fbabe5800 JavaThread "Unconstrained build operations Thread 3" [_thread_blocked, id=5864, stack(0x000000355fc00000,0x000000355fd00000)]
  0x0000013fbabe7800 JavaThread "Unconstrained build operations Thread 4" [_thread_blocked, id=5868, stack(0x000000355fd00000,0x000000355fe00000)]
  0x0000013fbabe6800 JavaThread "Unconstrained build operations Thread 5" [_thread_blocked, id=15044, stack(0x000000355fe00000,0x000000355ff00000)]
  0x0000013fbabe2800 JavaThread "Unconstrained build operations Thread 6" [_thread_blocked, id=19168, stack(0x000000355ff00000,0x0000003560000000)]
  0x0000013fbabe8000 JavaThread "Unconstrained build operations Thread 7" [_thread_blocked, id=16460, stack(0x0000003560000000,0x0000003560100000)]
  0x0000013fbabe9000 JavaThread "Unconstrained build operations Thread 8" [_thread_blocked, id=8888, stack(0x0000003560100000,0x0000003560200000)]
  0x0000013fbabe3000 JavaThread "Unconstrained build operations Thread 9" [_thread_blocked, id=11012, stack(0x0000003560200000,0x0000003560300000)]
  0x0000013fbabe4000 JavaThread "Unconstrained build operations Thread 10" [_thread_blocked, id=4436, stack(0x0000003560300000,0x0000003560400000)]
  0x0000013fbabe5000 JavaThread "Unconstrained build operations Thread 11" [_thread_blocked, id=6156, stack(0x0000003560400000,0x0000003560500000)]
  0x0000013fbcae5000 JavaThread "Unconstrained build operations Thread 12" [_thread_blocked, id=9404, stack(0x0000003560500000,0x0000003560600000)]
  0x0000013fbcae4000 JavaThread "Unconstrained build operations Thread 13" [_thread_blocked, id=8820, stack(0x0000003560600000,0x0000003560700000)]
  0x0000013fbcae2800 JavaThread "Unconstrained build operations Thread 14" [_thread_blocked, id=12724, stack(0x0000003560700000,0x0000003560800000)]
  0x0000013fbcae1800 JavaThread "Unconstrained build operations Thread 15" [_thread_blocked, id=5368, stack(0x0000003560800000,0x0000003560900000)]
  0x0000013fbcae6800 JavaThread "Unconstrained build operations Thread 16" [_thread_blocked, id=2044, stack(0x0000003560900000,0x0000003560a00000)]
  0x0000013fbcae1000 JavaThread "Unconstrained build operations Thread 17" [_thread_blocked, id=1624, stack(0x0000003560a00000,0x0000003560b00000)]
  0x0000013fbcae8800 JavaThread "Unconstrained build operations Thread 18" [_thread_blocked, id=19588, stack(0x0000003560b00000,0x0000003560c00000)]
  0x0000013fbcae3800 JavaThread "Unconstrained build operations Thread 19" [_thread_blocked, id=20224, stack(0x0000003560c00000,0x0000003560d00000)]
  0x0000013fbcaea800 JavaThread "Unconstrained build operations Thread 20" [_thread_blocked, id=9108, stack(0x0000003560d00000,0x0000003560e00000)]
  0x0000013fbcaea000 JavaThread "Unconstrained build operations Thread 21" [_thread_blocked, id=10156, stack(0x0000003560e00000,0x0000003560f00000)]
  0x0000013fbcaeb800 JavaThread "Unconstrained build operations Thread 22" [_thread_blocked, id=18788, stack(0x0000003560f00000,0x0000003561000000)]
  0x0000013fbcae6000 JavaThread "Unconstrained build operations Thread 23" [_thread_blocked, id=15900, stack(0x0000003561000000,0x0000003561100000)]
  0x0000013fbcae7800 JavaThread "Unconstrained build operations Thread 24" [_thread_blocked, id=18784, stack(0x0000003561100000,0x0000003561200000)]
  0x0000013fbcaef000 JavaThread "Unconstrained build operations Thread 25" [_thread_blocked, id=18536, stack(0x0000003561200000,0x0000003561300000)]
  0x0000013fbcaec800 JavaThread "Unconstrained build operations Thread 26" [_thread_blocked, id=17340, stack(0x0000003561300000,0x0000003561400000)]
  0x0000013fbcaee000 JavaThread "Unconstrained build operations Thread 27" [_thread_blocked, id=6576, stack(0x0000003561400000,0x0000003561500000)]
  0x0000013fbcae9000 JavaThread "Unconstrained build operations Thread 28" [_thread_blocked, id=11536, stack(0x0000003561500000,0x0000003561600000)]
  0x0000013fbcaed000 JavaThread "Unconstrained build operations Thread 29" [_thread_blocked, id=12144, stack(0x0000003561600000,0x0000003561700000)]
  0x0000013fbcaef800 JavaThread "Unconstrained build operations Thread 30" [_thread_blocked, id=8312, stack(0x0000003561700000,0x0000003561800000)]
  0x0000013fb8add000 JavaThread "Unconstrained build operations Thread 31" [_thread_blocked, id=15208, stack(0x0000003561800000,0x0000003561900000)]
  0x0000013fb8adc800 JavaThread "Unconstrained build operations Thread 32" [_thread_blocked, id=6564, stack(0x0000003561900000,0x0000003561a00000)]
  0x0000013fb8ade800 JavaThread "Unconstrained build operations Thread 33" [_thread_blocked, id=8468, stack(0x0000003561a00000,0x0000003561b00000)]
  0x0000013fb8ae1000 JavaThread "Unconstrained build operations Thread 34" [_thread_blocked, id=18384, stack(0x0000003561b00000,0x0000003561c00000)]
  0x0000013fb8ae2000 JavaThread "Unconstrained build operations Thread 35" [_thread_blocked, id=5140, stack(0x0000003561c00000,0x0000003561d00000)]
  0x0000013fb8ae3000 JavaThread "Unconstrained build operations Thread 36" [_thread_blocked, id=16684, stack(0x0000003561d00000,0x0000003561e00000)]
  0x0000013fb8adf800 JavaThread "Unconstrained build operations Thread 37" [_thread_blocked, id=12604, stack(0x0000003561e00000,0x0000003561f00000)]
  0x0000013fb8ade000 JavaThread "Unconstrained build operations Thread 38" [_thread_blocked, id=19684, stack(0x0000003561f00000,0x0000003562000000)]
  0x0000013fb8ae3800 JavaThread "Unconstrained build operations Thread 39" [_thread_blocked, id=11460, stack(0x0000003562000000,0x0000003562100000)]
  0x0000013fb8ae0800 JavaThread "Unconstrained build operations Thread 40" [_thread_blocked, id=4448, stack(0x0000003562100000,0x0000003562200000)]
  0x0000013fb8ae8800 JavaThread "Unconstrained build operations Thread 41" [_thread_blocked, id=352, stack(0x0000003562200000,0x0000003562300000)]
  0x0000013fb8ae7800 JavaThread "Unconstrained build operations Thread 42" [_thread_blocked, id=5228, stack(0x0000003562300000,0x0000003562400000)]
  0x0000013fb8aea000 JavaThread "Unconstrained build operations Thread 43" [_thread_blocked, id=16572, stack(0x0000003562400000,0x0000003562500000)]
  0x0000013fb8ae9800 JavaThread "Unconstrained build operations Thread 44" [_thread_blocked, id=3256, stack(0x0000003562500000,0x0000003562600000)]
  0x0000013fb8ae4800 JavaThread "Unconstrained build operations Thread 45" [_thread_blocked, id=416, stack(0x0000003562600000,0x0000003562700000)]
  0x0000013fb8ae7000 JavaThread "Unconstrained build operations Thread 46" [_thread_blocked, id=8932, stack(0x0000003562700000,0x0000003562800000)]
  0x0000013fb8aeb000 JavaThread "Unconstrained build operations Thread 47" [_thread_blocked, id=11096, stack(0x0000003562800000,0x0000003562900000)]
  0x0000013fb8ae5800 JavaThread "Unconstrained build operations Thread 48" [_thread_blocked, id=6956, stack(0x0000003562900000,0x0000003562a00000)]
  0x0000013fb8ae6000 JavaThread "Unconstrained build operations Thread 49" [_thread_blocked, id=2028, stack(0x0000003562a00000,0x0000003562b00000)]
  0x0000013fbcaaa000 JavaThread "Unconstrained build operations Thread 50" [_thread_blocked, id=1852, stack(0x0000003562b00000,0x0000003562c00000)]
  0x0000013fbcaae000 JavaThread "Unconstrained build operations Thread 51" [_thread_blocked, id=20280, stack(0x0000003562c00000,0x0000003562d00000)]
  0x0000013fbcaab000 JavaThread "Unconstrained build operations Thread 52" [_thread_blocked, id=17312, stack(0x0000003562d00000,0x0000003562e00000)]
  0x0000013fbcaa9000 JavaThread "Unconstrained build operations Thread 53" [_thread_blocked, id=17536, stack(0x0000003562e00000,0x0000003562f00000)]
  0x0000013fbcab1800 JavaThread "Unconstrained build operations Thread 54" [_thread_blocked, id=19308, stack(0x0000003562f00000,0x0000003563000000)]
  0x0000013fbcaaf800 JavaThread "Unconstrained build operations Thread 55" [_thread_blocked, id=7840, stack(0x0000003563000000,0x0000003563100000)]
  0x0000013fbcaac800 JavaThread "Unconstrained build operations Thread 56" [_thread_blocked, id=4828, stack(0x0000003563100000,0x0000003563200000)]
  0x0000013fbcaaf000 JavaThread "Unconstrained build operations Thread 57" [_thread_blocked, id=11604, stack(0x0000003563200000,0x0000003563300000)]
  0x0000013fbcab0800 JavaThread "Unconstrained build operations Thread 58" [_thread_blocked, id=1924, stack(0x0000003563300000,0x0000003563400000)]
  0x0000013fbcaab800 JavaThread "Unconstrained build operations Thread 59" [_thread_blocked, id=18972, stack(0x0000003563400000,0x0000003563500000)]
  0x0000013fbcab2000 JavaThread "Unconstrained build operations Thread 60" [_thread_blocked, id=8268, stack(0x0000003563500000,0x0000003563600000)]
  0x0000013fbcab3000 JavaThread "Unconstrained build operations Thread 61" [_thread_blocked, id=9772, stack(0x0000003563600000,0x0000003563700000)]
  0x0000013fbcaad800 JavaThread "Unconstrained build operations Thread 62" [_thread_blocked, id=17452, stack(0x0000003563700000,0x0000003563800000)]
  0x0000013fbcab4000 JavaThread "Unconstrained build operations Thread 63" [_thread_blocked, id=9084, stack(0x0000003563800000,0x0000003563900000)]
  0x0000013fbcab8000 JavaThread "Unconstrained build operations Thread 64" [_thread_blocked, id=17756, stack(0x0000003563900000,0x0000003563a00000)]
  0x0000013fbcab5800 JavaThread "Unconstrained build operations Thread 65" [_thread_blocked, id=14980, stack(0x0000003563a00000,0x0000003563b00000)]
  0x0000013fbcab4800 JavaThread "Unconstrained build operations Thread 66" [_thread_blocked, id=8320, stack(0x0000003563b00000,0x0000003563c00000)]
  0x0000013fbcab6000 JavaThread "Unconstrained build operations Thread 67" [_thread_blocked, id=14976, stack(0x0000003563c00000,0x0000003563d00000)]
  0x0000013fbcab7000 JavaThread "Unconstrained build operations Thread 68" [_thread_blocked, id=11668, stack(0x0000003563d00000,0x0000003563e00000)]
  0x0000013fbc717000 JavaThread "Unconstrained build operations Thread 69" [_thread_blocked, id=7256, stack(0x0000003563e00000,0x0000003563f00000)]
  0x0000013fbc715000 JavaThread "Unconstrained build operations Thread 70" [_thread_blocked, id=20476, stack(0x0000003563f00000,0x0000003564000000)]
  0x0000013fbc717800 JavaThread "Unconstrained build operations Thread 71" [_thread_blocked, id=18948, stack(0x0000003564000000,0x0000003564100000)]
  0x0000013fbc716000 JavaThread "Unconstrained build operations Thread 72" [_thread_blocked, id=10640, stack(0x0000003564100000,0x0000003564200000)]
  0x0000013fbc71e000 JavaThread "Unconstrained build operations Thread 73" [_thread_blocked, id=19716, stack(0x0000003564200000,0x0000003564300000)]
  0x0000013fbc719800 JavaThread "Unconstrained build operations Thread 74" [_thread_blocked, id=10228, stack(0x0000003564300000,0x0000003564400000)]
  0x0000013fbc71a000 JavaThread "Unconstrained build operations Thread 75" [_thread_blocked, id=13348, stack(0x0000003564400000,0x0000003564500000)]
  0x0000013fbc71b000 JavaThread "Unconstrained build operations Thread 76" [_thread_blocked, id=13836, stack(0x0000003564500000,0x0000003564600000)]
  0x0000013fbc718800 JavaThread "Unconstrained build operations Thread 77" [_thread_blocked, id=9416, stack(0x0000003564600000,0x0000003564700000)]
  0x0000013fbc71c800 JavaThread "Unconstrained build operations Thread 78" [_thread_blocked, id=16452, stack(0x0000003564700000,0x0000003564800000)]
  0x0000013fbc720000 JavaThread "Unconstrained build operations Thread 79" [_thread_blocked, id=9368, stack(0x0000003564800000,0x0000003564900000)]
  0x0000013fbc721800 JavaThread "Unconstrained build operations Thread 80" [_thread_blocked, id=16648, stack(0x0000003564900000,0x0000003564a00000)]
  0x0000013fbc720800 JavaThread "jar transforms Thread 4" [_thread_blocked, id=19688, stack(0x000000355eb00000,0x000000355ec00000)]
  0x0000013fbc71d800 JavaThread "jar transforms Thread 5" [_thread_blocked, id=2244, stack(0x000000355f900000,0x000000355fa00000)]
  0x0000013fbc71c000 JavaThread "jar transforms Thread 6" [_thread_blocked, id=10260, stack(0x0000003564a00000,0x0000003564b00000)]
  0x0000013fbc722800 JavaThread "jar transforms Thread 7" [_thread_blocked, id=13696, stack(0x0000003564b00000,0x0000003564c00000)]
  0x0000013fbc71f000 JavaThread "jar transforms Thread 8" [_thread_blocked, id=11732, stack(0x0000003564c00000,0x0000003564d00000)]
  0x0000013fbc723000 JavaThread "Memory manager" [_thread_blocked, id=16512, stack(0x0000003565100000,0x0000003565200000)]
=>0x0000013fbb0bc000 JavaThread "C2 CompilerThread1" daemon [_thread_in_native, id=1620, stack(0x0000003564f00000,0x0000003565000000)]

Other Threads:
  0x0000013fb54b6000 VMThread "VM Thread" [stack: 0x000000355cb00000,0x000000355cc00000] [id=19560]
  0x0000013fb56d0800 WatcherThread [stack: 0x000000355d500000,0x000000355d600000] [id=11928]
  0x0000013f9876e000 GCTaskThread "GC Thread#0" [stack: 0x000000355c600000,0x000000355c700000] [id=11288]
  0x0000013fb62de000 GCTaskThread "GC Thread#1" [stack: 0x000000355d700000,0x000000355d800000] [id=17796]
  0x0000013fb62dc800 GCTaskThread "GC Thread#2" [stack: 0x000000355d800000,0x000000355d900000] [id=19780]
  0x0000013fb62d9800 GCTaskThread "GC Thread#3" [stack: 0x000000355d900000,0x000000355da00000] [id=16432]
  0x0000013fb62d9000 GCTaskThread "GC Thread#4" [stack: 0x000000355e600000,0x000000355e700000] [id=10064]
  0x0000013fb62dd000 GCTaskThread "GC Thread#5" [stack: 0x000000355e700000,0x000000355e800000] [id=11852]
  0x0000013fb62d7800 GCTaskThread "GC Thread#6" [stack: 0x000000355e800000,0x000000355e900000] [id=1384]
  0x0000013fb62de800 GCTaskThread "GC Thread#7" [stack: 0x000000355e900000,0x000000355ea00000] [id=16024]
  0x0000013f9a800000 ConcurrentGCThread "G1 Main Marker" [stack: 0x000000355c700000,0x000000355c800000] [id=17576]
  0x0000013f9a801000 ConcurrentGCThread "G1 Conc#0" [stack: 0x000000355c800000,0x000000355c900000] [id=9276]
  0x0000013fb62da000 ConcurrentGCThread "G1 Conc#1" [stack: 0x000000355ea00000,0x000000355eb00000] [id=18004]
  0x0000013fb4afa800 ConcurrentGCThread "G1 Refine#0" [stack: 0x000000355c900000,0x000000355ca00000] [id=11564]
  0x0000013fb6d27800 ConcurrentGCThread "G1 Refine#1" [stack: 0x0000003564d00000,0x0000003564e00000] [id=12320]
  0x0000013fbb07c800 ConcurrentGCThread "G1 Refine#2" [stack: 0x0000003564e00000,0x0000003564f00000] [id=16904]
  0x0000013fb4afb800 ConcurrentGCThread "G1 Young RemSet Sampling" [stack: 0x000000355ca00000,0x000000355cb00000] [id=11356]

Threads with active compile tasks:
C2 CompilerThread0  24691 7780       4       org.gradle.internal.instantiation.generator.AbstractClassGenerator$ClassMetadata::property (42 bytes)
C2 CompilerThread1  24691 7352 %     4       org.gradle.internal.instantiation.generator.AbstractClassGenerator::inspectType @ 341 (560 bytes)

VM state:at safepoint (normal execution)

VM Mutex/Monitor currently owned by a thread:  ([mutex/lock_event])
[0x0000013f9a7b54e0] Threads_lock - owner thread: 0x0000013fb54b6000
[0x0000013f9a7b52a0] Heap_lock - owner thread: 0x0000013fb80e0800

Heap address: 0x0000000080000000, size: 2048 MB, Compressed Oops mode: 32-bit
Narrow klass base: 0x0000000000000000, Narrow klass shift: 3
Compressed class space size: 1073741824 Address: 0x0000000100000000

Heap:
 garbage-first heap   total 196608K, used 71628K [0x0000000080000000, 0x0000000100000000)
  region size 1024K, 11 young (11264K), 11 survivors (11264K)
 Metaspace       used 79667K, capacity 81378K, committed 81524K, reserved 1134592K
  class space    used 10204K, capacity 10899K, committed 11008K, reserved 1048576K
Heap Regions: E=young(eden), S=young(survivor), O=old, HS=humongous(starts), HC=humongous(continues), CS=collection set, F=free, A=archive, TAMS=top-at-mark-start (previous, next)
|   0|0x0000000080000000, 0x0000000080100000, 0x0000000080100000|100%| O|  |TAMS 0x0000000080100000, 0x0000000080100000| Untracked 
|   1|0x0000000080100000, 0x0000000080200000, 0x0000000080200000|100%| O|  |TAMS 0x0000000080200000, 0x0000000080200000| Untracked 
|   2|0x0000000080200000, 0x0000000080300000, 0x0000000080300000|100%| O|  |TAMS 0x0000000080300000, 0x0000000080300000| Untracked 
|   3|0x0000000080300000, 0x0000000080400000, 0x0000000080400000|100%|HS|  |TAMS 0x0000000080400000, 0x0000000080400000| Complete 
|   4|0x0000000080400000, 0x0000000080500000, 0x0000000080500000|100%|HC|  |TAMS 0x0000000080500000, 0x0000000080500000| Complete 
|   5|0x0000000080500000, 0x0000000080600000, 0x0000000080600000|100%|HC|  |TAMS 0x0000000080600000, 0x0000000080600000| Complete 
|   6|0x0000000080600000, 0x0000000080700000, 0x0000000080700000|100%| O|  |TAMS 0x0000000080700000, 0x0000000080700000| Untracked 
|   7|0x0000000080700000, 0x0000000080800000, 0x0000000080800000|100%| O|  |TAMS 0x0000000080800000, 0x0000000080800000| Untracked 
|   8|0x0000000080800000, 0x0000000080900000, 0x0000000080900000|100%| O|  |TAMS 0x0000000080900000, 0x0000000080900000| Untracked 
|   9|0x0000000080900000, 0x0000000080a00000, 0x0000000080a00000|100%| O|  |TAMS 0x0000000080a00000, 0x0000000080a00000| Untracked 
|  10|0x0000000080a00000, 0x0000000080b00000, 0x0000000080b00000|100%| O|  |TAMS 0x0000000080b00000, 0x0000000080b00000| Untracked 
|  11|0x0000000080b00000, 0x0000000080c00000, 0x0000000080c00000|100%| O|  |TAMS 0x0000000080c00000, 0x0000000080c00000| Untracked 
|  12|0x0000000080c00000, 0x0000000080d00000, 0x0000000080d00000|100%| O|  |TAMS 0x0000000080d00000, 0x0000000080d00000| Untracked 
|  13|0x0000000080d00000, 0x0000000080e00000, 0x0000000080e00000|100%| O|  |TAMS 0x0000000080e00000, 0x0000000080e00000| Untracked 
|  14|0x0000000080e00000, 0x0000000080f00000, 0x0000000080f00000|100%| O|  |TAMS 0x0000000080f00000, 0x0000000080f00000| Untracked 
|  15|0x0000000080f00000, 0x0000000081000000, 0x0000000081000000|100%| O|  |TAMS 0x0000000081000000, 0x0000000081000000| Untracked 
|  16|0x0000000081000000, 0x0000000081100000, 0x0000000081100000|100%| O|  |TAMS 0x0000000081100000, 0x0000000081100000| Untracked 
|  17|0x0000000081100000, 0x0000000081200000, 0x0000000081200000|100%|HS|  |TAMS 0x0000000081200000, 0x0000000081200000| Complete 
|  18|0x0000000081200000, 0x0000000081300000, 0x0000000081300000|100%|HS|  |TAMS 0x0000000081300000, 0x0000000081300000| Complete 
|  19|0x0000000081300000, 0x0000000081400000, 0x0000000081400000|100%|HS|  |TAMS 0x0000000081400000, 0x0000000081400000| Complete 
|  20|0x0000000081400000, 0x0000000081500000, 0x0000000081500000|100%|HS|  |TAMS 0x0000000081500000, 0x0000000081500000| Complete 
|  21|0x0000000081500000, 0x0000000081600000, 0x0000000081600000|100%|HC|  |TAMS 0x0000000081600000, 0x0000000081600000| Complete 
|  22|0x0000000081600000, 0x0000000081700000, 0x0000000081700000|100%|HC|  |TAMS 0x0000000081700000, 0x0000000081700000| Complete 
|  23|0x0000000081700000, 0x0000000081800000, 0x0000000081800000|100%|HC|  |TAMS 0x0000000081800000, 0x0000000081800000| Complete 
|  24|0x0000000081800000, 0x0000000081900000, 0x0000000081900000|100%| O|  |TAMS 0x0000000081800000, 0x0000000081900000| Untracked 
|  25|0x0000000081900000, 0x00000000819ffff8, 0x0000000081a00000| 99%| O|  |TAMS 0x00000000819ffff8, 0x00000000819ffff8| Untracked 
|  26|0x0000000081a00000, 0x0000000081b00000, 0x0000000081b00000|100%| O|  |TAMS 0x0000000081b00000, 0x0000000081b00000| Untracked 
|  27|0x0000000081b00000, 0x0000000081c00000, 0x0000000081c00000|100%| O|  |TAMS 0x0000000081c00000, 0x0000000081c00000| Untracked 
|  28|0x0000000081c00000, 0x0000000081d00000, 0x0000000081d00000|100%| O|  |TAMS 0x0000000081d00000, 0x0000000081d00000| Untracked 
|  29|0x0000000081d00000, 0x0000000081e00000, 0x0000000081e00000|100%| O|  |TAMS 0x0000000081e00000, 0x0000000081e00000| Untracked 
|  30|0x0000000081e00000, 0x0000000081f00000, 0x0000000081f00000|100%| O|  |TAMS 0x0000000081f00000, 0x0000000081f00000| Untracked 
|  31|0x0000000081f00000, 0x0000000082000000, 0x0000000082000000|100%| O|  |TAMS 0x0000000082000000, 0x0000000082000000| Untracked 
|  32|0x0000000082000000, 0x0000000082100000, 0x0000000082100000|100%|HS|  |TAMS 0x0000000082100000, 0x0000000082100000| Complete 
|  33|0x0000000082100000, 0x0000000082200000, 0x0000000082200000|100%|HC|  |TAMS 0x0000000082200000, 0x0000000082200000| Complete 
|  34|0x0000000082200000, 0x0000000082300000, 0x0000000082300000|100%| O|  |TAMS 0x0000000082300000, 0x0000000082300000| Untracked 
|  35|0x0000000082300000, 0x0000000082400000, 0x0000000082400000|100%| O|  |TAMS 0x0000000082400000, 0x0000000082400000| Untracked 
|  36|0x0000000082400000, 0x0000000082500000, 0x0000000082500000|100%| O|  |TAMS 0x0000000082500000, 0x0000000082500000| Untracked 
|  37|0x0000000082500000, 0x0000000082600000, 0x0000000082600000|100%| O|  |TAMS 0x0000000082600000, 0x0000000082600000| Untracked 
|  38|0x0000000082600000, 0x0000000082700000, 0x0000000082700000|100%| O|  |TAMS 0x0000000082700000, 0x0000000082700000| Untracked 
|  39|0x0000000082700000, 0x0000000082800000, 0x0000000082800000|100%| O|  |TAMS 0x0000000082800000, 0x0000000082800000| Untracked 
|  40|0x0000000082800000, 0x0000000082900000, 0x0000000082900000|100%| O|  |TAMS 0x0000000082900000, 0x0000000082900000| Untracked 
|  41|0x0000000082900000, 0x0000000082a00000, 0x0000000082a00000|100%| O|  |TAMS 0x0000000082a00000, 0x0000000082a00000| Untracked 
|  42|0x0000000082a00000, 0x0000000082b00000, 0x0000000082b00000|100%| O|  |TAMS 0x0000000082b00000, 0x0000000082b00000| Untracked 
|  43|0x0000000082b00000, 0x0000000082c00000, 0x0000000082c00000|100%| O|  |TAMS 0x0000000082c00000, 0x0000000082c00000| Untracked 
|  44|0x0000000082c00000, 0x0000000082d00000, 0x0000000082d00000|100%| O|  |TAMS 0x0000000082d00000, 0x0000000082d00000| Untracked 
|  45|0x0000000082d00000, 0x0000000082e00000, 0x0000000082e00000|100%| O|  |TAMS 0x0000000082e00000, 0x0000000082e00000| Untracked 
|  46|0x0000000082e00000, 0x0000000082f00000, 0x0000000082f00000|100%| O|  |TAMS 0x0000000082f00000, 0x0000000082f00000| Untracked 
|  47|0x0000000082f00000, 0x0000000083000000, 0x0000000083000000|100%| O|  |TAMS 0x0000000083000000, 0x0000000083000000| Untracked 
|  48|0x0000000083000000, 0x0000000083100000, 0x0000000083100000|100%| O|  |TAMS 0x0000000083100000, 0x0000000083100000| Untracked 
|  49|0x0000000083100000, 0x0000000083200000, 0x0000000083200000|100%| O|  |TAMS 0x0000000083182200, 0x0000000083200000| Untracked 
|  50|0x0000000083200000, 0x0000000083300000, 0x0000000083300000|100%| O|  |TAMS 0x0000000083200000, 0x0000000083300000| Untracked 
|  51|0x0000000083300000, 0x0000000083400000, 0x0000000083400000|100%| O|  |TAMS 0x0000000083300000, 0x0000000083400000| Untracked 
|  52|0x0000000083400000, 0x0000000083500000, 0x0000000083500000|100%| O|  |TAMS 0x0000000083400000, 0x0000000083500000| Untracked 
|  53|0x0000000083500000, 0x0000000083600000, 0x0000000083600000|100%| O|  |TAMS 0x0000000083500000, 0x0000000083600000| Untracked 
|  54|0x0000000083600000, 0x0000000083700000, 0x0000000083700000|100%| O|  |TAMS 0x0000000083600000, 0x0000000083700000| Untracked 
|  55|0x0000000083700000, 0x0000000083800000, 0x0000000083800000|100%| O|  |TAMS 0x0000000083700000, 0x0000000083800000| Untracked 
|  56|0x0000000083800000, 0x0000000083900000, 0x0000000083900000|100%| O|  |TAMS 0x0000000083800000, 0x0000000083900000| Untracked 
|  57|0x0000000083900000, 0x0000000083a00000, 0x0000000083a00000|100%| O|  |TAMS 0x0000000083900000, 0x0000000083a00000| Untracked 
|  58|0x0000000083a00000, 0x0000000083b00000, 0x0000000083b00000|100%| O|  |TAMS 0x0000000083a00000, 0x0000000083b00000| Untracked 
|  59|0x0000000083b00000, 0x0000000083b7a600, 0x0000000083c00000| 47%| O|  |TAMS 0x0000000083b00000, 0x0000000083b7a600| Untracked 
|  60|0x0000000083c00000, 0x0000000083c00000, 0x0000000083d00000|  0%| F|  |TAMS 0x0000000083c00000, 0x0000000083c00000| Untracked 
|  61|0x0000000083d00000, 0x0000000083d00000, 0x0000000083e00000|  0%| F|  |TAMS 0x0000000083d00000, 0x0000000083d00000| Untracked 
|  62|0x0000000083e00000, 0x0000000083e00000, 0x0000000083f00000|  0%| F|  |TAMS 0x0000000083e00000, 0x0000000083e00000| Untracked 
|  63|0x0000000083f00000, 0x0000000083f00000, 0x0000000084000000|  0%| F|  |TAMS 0x0000000083f00000, 0x0000000083f00000| Untracked 
|  64|0x0000000084000000, 0x0000000084000000, 0x0000000084100000|  0%| F|  |TAMS 0x0000000084000000, 0x0000000084000000| Untracked 
|  65|0x0000000084100000, 0x0000000084100000, 0x0000000084200000|  0%| F|  |TAMS 0x0000000084100000, 0x0000000084100000| Untracked 
|  66|0x0000000084200000, 0x0000000084200000, 0x0000000084300000|  0%| F|  |TAMS 0x0000000084200000, 0x0000000084200000| Untracked 
|  67|0x0000000084300000, 0x0000000084300000, 0x0000000084400000|  0%| F|  |TAMS 0x0000000084300000, 0x0000000084300000| Untracked 
|  68|0x0000000084400000, 0x0000000084400000, 0x0000000084500000|  0%| F|  |TAMS 0x0000000084400000, 0x0000000084400000| Untracked 
|  69|0x0000000084500000, 0x0000000084500000, 0x0000000084600000|  0%| F|  |TAMS 0x0000000084500000, 0x0000000084500000| Untracked 
|  70|0x0000000084600000, 0x0000000084600000, 0x0000000084700000|  0%| F|  |TAMS 0x0000000084600000, 0x0000000084600000| Untracked 
|  71|0x0000000084700000, 0x0000000084700000, 0x0000000084800000|  0%| F|  |TAMS 0x0000000084700000, 0x0000000084700000| Untracked 
|  72|0x0000000084800000, 0x0000000084800000, 0x0000000084900000|  0%| F|  |TAMS 0x0000000084800000, 0x0000000084800000| Untracked 
|  73|0x0000000084900000, 0x0000000084900000, 0x0000000084a00000|  0%| F|  |TAMS 0x0000000084900000, 0x0000000084900000| Untracked 
|  74|0x0000000084a00000, 0x0000000084a00000, 0x0000000084b00000|  0%| F|  |TAMS 0x0000000084a00000, 0x0000000084a00000| Untracked 
|  75|0x0000000084b00000, 0x0000000084b00000, 0x0000000084c00000|  0%| F|  |TAMS 0x0000000084b00000, 0x0000000084b00000| Untracked 
|  76|0x0000000084c00000, 0x0000000084c00000, 0x0000000084d00000|  0%| F|  |TAMS 0x0000000084c00000, 0x0000000084c00000| Untracked 
|  77|0x0000000084d00000, 0x0000000084d00000, 0x0000000084e00000|  0%| F|  |TAMS 0x0000000084d00000, 0x0000000084d00000| Untracked 
|  78|0x0000000084e00000, 0x0000000084e00000, 0x0000000084f00000|  0%| F|  |TAMS 0x0000000084e00000, 0x0000000084e00000| Untracked 
|  79|0x0000000084f00000, 0x0000000084f00000, 0x0000000085000000|  0%| F|  |TAMS 0x0000000084f00000, 0x0000000084f00000| Untracked 
|  80|0x0000000085000000, 0x0000000085000000, 0x0000000085100000|  0%| F|  |TAMS 0x0000000085000000, 0x0000000085000000| Untracked 
|  81|0x0000000085100000, 0x0000000085100000, 0x0000000085200000|  0%| F|  |TAMS 0x0000000085100000, 0x0000000085100000| Untracked 
|  82|0x0000000085200000, 0x0000000085200000, 0x0000000085300000|  0%| F|  |TAMS 0x0000000085200000, 0x0000000085200000| Untracked 
|  83|0x0000000085300000, 0x0000000085300000, 0x0000000085400000|  0%| F|  |TAMS 0x0000000085300000, 0x0000000085300000| Untracked 
|  84|0x0000000085400000, 0x0000000085400000, 0x0000000085500000|  0%| F|  |TAMS 0x0000000085400000, 0x0000000085400000| Untracked 
|  85|0x0000000085500000, 0x0000000085500000, 0x0000000085600000|  0%| F|  |TAMS 0x0000000085500000, 0x0000000085500000| Untracked 
|  86|0x0000000085600000, 0x0000000085600000, 0x0000000085700000|  0%| F|  |TAMS 0x0000000085600000, 0x0000000085600000| Untracked 
|  87|0x0000000085700000, 0x0000000085700000, 0x0000000085800000|  0%| F|  |TAMS 0x0000000085700000, 0x0000000085700000| Untracked 
|  88|0x0000000085800000, 0x0000000085800000, 0x0000000085900000|  0%| F|  |TAMS 0x0000000085800000, 0x0000000085800000| Untracked 
|  89|0x0000000085900000, 0x0000000085900000, 0x0000000085a00000|  0%| F|  |TAMS 0x0000000085900000, 0x0000000085900000| Untracked 
|  90|0x0000000085a00000, 0x0000000085a78af8, 0x0000000085b00000| 47%| S|CS|TAMS 0x0000000085a00000, 0x0000000085a00000| Complete 
|  91|0x0000000085b00000, 0x0000000085c00000, 0x0000000085c00000|100%| S|CS|TAMS 0x0000000085b00000, 0x0000000085b00000| Complete 
|  92|0x0000000085c00000, 0x0000000085d00000, 0x0000000085d00000|100%| S|CS|TAMS 0x0000000085c00000, 0x0000000085c00000| Complete 
|  93|0x0000000085d00000, 0x0000000085e00000, 0x0000000085e00000|100%| S|CS|TAMS 0x0000000085d00000, 0x0000000085d00000| Complete 
|  94|0x0000000085e00000, 0x0000000085f00000, 0x0000000085f00000|100%| S|CS|TAMS 0x0000000085e00000, 0x0000000085e00000| Complete 
|  95|0x0000000085f00000, 0x0000000086000000, 0x0000000086000000|100%| S|CS|TAMS 0x0000000085f00000, 0x0000000085f00000| Complete 
|  96|0x0000000086000000, 0x0000000086100000, 0x0000000086100000|100%| S|CS|TAMS 0x0000000086000000, 0x0000000086000000| Complete 
|  97|0x0000000086100000, 0x0000000086200000, 0x0000000086200000|100%| S|CS|TAMS 0x0000000086100000, 0x0000000086100000| Complete 
|  98|0x0000000086200000, 0x0000000086300000, 0x0000000086300000|100%| S|CS|TAMS 0x0000000086200000, 0x0000000086200000| Complete 
|  99|0x0000000086300000, 0x0000000086300000, 0x0000000086400000|  0%| F|  |TAMS 0x0000000086300000, 0x0000000086300000| Untracked 
| 100|0x0000000086400000, 0x0000000086400000, 0x0000000086500000|  0%| F|  |TAMS 0x0000000086400000, 0x0000000086400000| Untracked 
| 101|0x0000000086500000, 0x0000000086500000, 0x0000000086600000|  0%| F|  |TAMS 0x0000000086500000, 0x0000000086500000| Untracked 
| 102|0x0000000086600000, 0x0000000086600000, 0x0000000086700000|  0%| F|  |TAMS 0x0000000086600000, 0x0000000086600000| Untracked 
| 103|0x0000000086700000, 0x0000000086700000, 0x0000000086800000|  0%| F|  |TAMS 0x0000000086700000, 0x0000000086700000| Untracked 
| 104|0x0000000086800000, 0x0000000086800000, 0x0000000086900000|  0%| F|  |TAMS 0x0000000086800000, 0x0000000086800000| Untracked 
| 105|0x0000000086900000, 0x0000000086900000, 0x0000000086a00000|  0%| F|  |TAMS 0x0000000086900000, 0x0000000086900000| Untracked 
| 106|0x0000000086a00000, 0x0000000086b00000, 0x0000000086b00000|100%| S|CS|TAMS 0x0000000086a00000, 0x0000000086a00000| Complete 
| 107|0x0000000086b00000, 0x0000000086c00000, 0x0000000086c00000|100%| S|CS|TAMS 0x0000000086b00000, 0x0000000086b00000| Complete 
| 108|0x0000000086c00000, 0x0000000086c00000, 0x0000000086d00000|  0%| F|  |TAMS 0x0000000086c00000, 0x0000000086c00000| Untracked 
| 109|0x0000000086d00000, 0x0000000086d00000, 0x0000000086e00000|  0%| F|  |TAMS 0x0000000086d00000, 0x0000000086d00000| Untracked 
| 110|0x0000000086e00000, 0x0000000086e00000, 0x0000000086f00000|  0%| F|  |TAMS 0x0000000086e00000, 0x0000000086e00000| Untracked 
| 111|0x0000000086f00000, 0x0000000086f00000, 0x0000000087000000|  0%| F|  |TAMS 0x0000000086f00000, 0x0000000086f00000| Untracked 
| 112|0x0000000087000000, 0x0000000087000000, 0x0000000087100000|  0%| F|  |TAMS 0x0000000087000000, 0x0000000087000000| Untracked 
| 113|0x0000000087100000, 0x0000000087100000, 0x0000000087200000|  0%| F|  |TAMS 0x0000000087100000, 0x0000000087100000| Untracked 
| 114|0x0000000087200000, 0x0000000087200000, 0x0000000087300000|  0%| F|  |TAMS 0x0000000087200000, 0x0000000087200000| Untracked 
| 115|0x0000000087300000, 0x0000000087300000, 0x0000000087400000|  0%| F|  |TAMS 0x0000000087300000, 0x0000000087300000| Untracked 
| 116|0x0000000087400000, 0x0000000087400000, 0x0000000087500000|  0%| F|  |TAMS 0x0000000087400000, 0x0000000087400000| Untracked 
| 117|0x0000000087500000, 0x0000000087500000, 0x0000000087600000|  0%| F|  |TAMS 0x0000000087500000, 0x0000000087500000| Untracked 
| 118|0x0000000087600000, 0x0000000087600000, 0x0000000087700000|  0%| F|  |TAMS 0x0000000087600000, 0x0000000087600000| Untracked 
| 119|0x0000000087700000, 0x0000000087700000, 0x0000000087800000|  0%| F|  |TAMS 0x0000000087700000, 0x0000000087700000| Untracked 
| 120|0x0000000087800000, 0x0000000087800000, 0x0000000087900000|  0%| F|  |TAMS 0x0000000087800000, 0x0000000087800000| Untracked 
| 121|0x0000000087900000, 0x0000000087900000, 0x0000000087a00000|  0%| F|  |TAMS 0x0000000087900000, 0x0000000087900000| Untracked 
| 122|0x0000000087a00000, 0x0000000087a00000, 0x0000000087b00000|  0%| F|  |TAMS 0x0000000087a00000, 0x0000000087a00000| Untracked 
| 123|0x0000000087b00000, 0x0000000087b00000, 0x0000000087c00000|  0%| F|  |TAMS 0x0000000087b00000, 0x0000000087b00000| Untracked 
| 124|0x0000000087c00000, 0x0000000087c00000, 0x0000000087d00000|  0%| F|  |TAMS 0x0000000087c00000, 0x0000000087c00000| Untracked 
| 125|0x0000000087d00000, 0x0000000087d00000, 0x0000000087e00000|  0%| F|  |TAMS 0x0000000087d00000, 0x0000000087d00000| Untracked 
| 126|0x0000000087e00000, 0x0000000087e00000, 0x0000000087f00000|  0%| F|  |TAMS 0x0000000087e00000, 0x0000000087e00000| Untracked 
| 127|0x0000000087f00000, 0x0000000087f00000, 0x0000000088000000|  0%| F|  |TAMS 0x0000000087f00000, 0x0000000087f00000| Untracked 
| 128|0x0000000088000000, 0x0000000088000000, 0x0000000088100000|  0%| F|  |TAMS 0x0000000088000000, 0x0000000088000000| Untracked 
| 129|0x0000000088100000, 0x0000000088100000, 0x0000000088200000|  0%| F|  |TAMS 0x0000000088100000, 0x0000000088100000| Untracked 
| 130|0x0000000088200000, 0x0000000088200000, 0x0000000088300000|  0%| F|  |TAMS 0x0000000088200000, 0x0000000088200000| Untracked 
| 131|0x0000000088300000, 0x0000000088300000, 0x0000000088400000|  0%| F|  |TAMS 0x0000000088300000, 0x0000000088300000| Untracked 
| 132|0x0000000088400000, 0x0000000088400000, 0x0000000088500000|  0%| F|  |TAMS 0x0000000088400000, 0x0000000088400000| Untracked 
| 133|0x0000000088500000, 0x0000000088500000, 0x0000000088600000|  0%| F|  |TAMS 0x0000000088500000, 0x0000000088500000| Untracked 
| 134|0x0000000088600000, 0x0000000088600000, 0x0000000088700000|  0%| F|  |TAMS 0x0000000088600000, 0x0000000088600000| Untracked 
| 135|0x0000000088700000, 0x0000000088700000, 0x0000000088800000|  0%| F|  |TAMS 0x0000000088700000, 0x0000000088700000| Untracked 
| 136|0x0000000088800000, 0x0000000088800000, 0x0000000088900000|  0%| F|  |TAMS 0x0000000088800000, 0x0000000088800000| Untracked 
| 137|0x0000000088900000, 0x0000000088900000, 0x0000000088a00000|  0%| F|  |TAMS 0x0000000088900000, 0x0000000088900000| Untracked 
| 138|0x0000000088a00000, 0x0000000088a00000, 0x0000000088b00000|  0%| F|  |TAMS 0x0000000088a00000, 0x0000000088a00000| Untracked 
| 139|0x0000000088b00000, 0x0000000088b00000, 0x0000000088c00000|  0%| F|  |TAMS 0x0000000088b00000, 0x0000000088b00000| Untracked 
| 140|0x0000000088c00000, 0x0000000088c00000, 0x0000000088d00000|  0%| F|  |TAMS 0x0000000088c00000, 0x0000000088c00000| Untracked 
| 141|0x0000000088d00000, 0x0000000088d00000, 0x0000000088e00000|  0%| F|  |TAMS 0x0000000088d00000, 0x0000000088d00000| Untracked 
| 142|0x0000000088e00000, 0x0000000088e00000, 0x0000000088f00000|  0%| F|  |TAMS 0x0000000088e00000, 0x0000000088e00000| Untracked 
| 143|0x0000000088f00000, 0x0000000088f00000, 0x0000000089000000|  0%| F|  |TAMS 0x0000000088f00000, 0x0000000088f00000| Untracked 
| 144|0x0000000089000000, 0x0000000089000000, 0x0000000089100000|  0%| F|  |TAMS 0x0000000089000000, 0x0000000089000000| Untracked 
| 145|0x0000000089100000, 0x0000000089100000, 0x0000000089200000|  0%| F|  |TAMS 0x0000000089100000, 0x0000000089100000| Untracked 
| 146|0x0000000089200000, 0x0000000089200000, 0x0000000089300000|  0%| F|  |TAMS 0x0000000089200000, 0x0000000089200000| Untracked 
| 147|0x0000000089300000, 0x0000000089300000, 0x0000000089400000|  0%| F|  |TAMS 0x0000000089300000, 0x0000000089300000| Untracked 
| 148|0x0000000089400000, 0x0000000089400000, 0x0000000089500000|  0%| F|  |TAMS 0x0000000089400000, 0x0000000089400000| Untracked 
| 149|0x0000000089500000, 0x0000000089500000, 0x0000000089600000|  0%| F|  |TAMS 0x0000000089500000, 0x0000000089500000| Untracked 
| 150|0x0000000089600000, 0x0000000089600000, 0x0000000089700000|  0%| F|  |TAMS 0x0000000089600000, 0x0000000089600000| Untracked 
| 151|0x0000000089700000, 0x0000000089700000, 0x0000000089800000|  0%| F|  |TAMS 0x0000000089700000, 0x0000000089700000| Untracked 
| 152|0x0000000089800000, 0x0000000089800000, 0x0000000089900000|  0%| F|  |TAMS 0x0000000089800000, 0x0000000089800000| Untracked 
| 153|0x0000000089900000, 0x0000000089900000, 0x0000000089a00000|  0%| F|  |TAMS 0x0000000089900000, 0x0000000089900000| Untracked 
| 154|0x0000000089a00000, 0x0000000089a00000, 0x0000000089b00000|  0%| F|  |TAMS 0x0000000089a00000, 0x0000000089a00000| Untracked 
| 155|0x0000000089b00000, 0x0000000089b00000, 0x0000000089c00000|  0%| F|  |TAMS 0x0000000089b00000, 0x0000000089b00000| Untracked 
| 156|0x0000000089c00000, 0x0000000089c00000, 0x0000000089d00000|  0%| F|  |TAMS 0x0000000089c00000, 0x0000000089c00000| Untracked 
| 157|0x0000000089d00000, 0x0000000089d00000, 0x0000000089e00000|  0%| F|  |TAMS 0x0000000089d00000, 0x0000000089d00000| Untracked 
| 158|0x0000000089e00000, 0x0000000089e00000, 0x0000000089f00000|  0%| F|  |TAMS 0x0000000089e00000, 0x0000000089e00000| Untracked 
| 159|0x0000000089f00000, 0x0000000089f00000, 0x000000008a000000|  0%| F|  |TAMS 0x0000000089f00000, 0x0000000089f00000| Untracked 
| 160|0x000000008a000000, 0x000000008a000000, 0x000000008a100000|  0%| F|  |TAMS 0x000000008a000000, 0x000000008a000000| Untracked 
| 161|0x000000008a100000, 0x000000008a100000, 0x000000008a200000|  0%| F|  |TAMS 0x000000008a100000, 0x000000008a100000| Untracked 
| 162|0x000000008a200000, 0x000000008a200000, 0x000000008a300000|  0%| F|  |TAMS 0x000000008a200000, 0x000000008a200000| Untracked 
| 163|0x000000008a300000, 0x000000008a300000, 0x000000008a400000|  0%| F|  |TAMS 0x000000008a300000, 0x000000008a300000| Untracked 
| 164|0x000000008a400000, 0x000000008a400000, 0x000000008a500000|  0%| F|  |TAMS 0x000000008a400000, 0x000000008a400000| Untracked 
| 165|0x000000008a500000, 0x000000008a500000, 0x000000008a600000|  0%| F|  |TAMS 0x000000008a500000, 0x000000008a500000| Untracked 
| 166|0x000000008a600000, 0x000000008a600000, 0x000000008a700000|  0%| F|  |TAMS 0x000000008a600000, 0x000000008a600000| Untracked 
| 167|0x000000008a700000, 0x000000008a700000, 0x000000008a800000|  0%| F|  |TAMS 0x000000008a700000, 0x000000008a700000| Untracked 
| 168|0x000000008a800000, 0x000000008a800000, 0x000000008a900000|  0%| F|  |TAMS 0x000000008a800000, 0x000000008a800000| Untracked 
| 169|0x000000008a900000, 0x000000008a900000, 0x000000008aa00000|  0%| F|  |TAMS 0x000000008a900000, 0x000000008a900000| Untracked 
| 170|0x000000008aa00000, 0x000000008aa00000, 0x000000008ab00000|  0%| F|  |TAMS 0x000000008aa00000, 0x000000008aa00000| Untracked 
| 171|0x000000008ab00000, 0x000000008ab00000, 0x000000008ac00000|  0%| F|  |TAMS 0x000000008ab00000, 0x000000008ab00000| Untracked 
| 172|0x000000008ac00000, 0x000000008ac00000, 0x000000008ad00000|  0%| F|  |TAMS 0x000000008ac00000, 0x000000008ac00000| Untracked 
| 173|0x000000008ad00000, 0x000000008ad00000, 0x000000008ae00000|  0%| F|  |TAMS 0x000000008ad00000, 0x000000008ad00000| Untracked 
| 174|0x000000008ae00000, 0x000000008ae00000, 0x000000008af00000|  0%| F|  |TAMS 0x000000008ae00000, 0x000000008ae00000| Untracked 
| 175|0x000000008af00000, 0x000000008af00000, 0x000000008b000000|  0%| F|  |TAMS 0x000000008af00000, 0x000000008af00000| Untracked 
| 176|0x000000008b000000, 0x000000008b000000, 0x000000008b100000|  0%| F|  |TAMS 0x000000008b000000, 0x000000008b000000| Untracked 
| 177|0x000000008b100000, 0x000000008b100000, 0x000000008b200000|  0%| F|  |TAMS 0x000000008b100000, 0x000000008b100000| Untracked 
| 178|0x000000008b200000, 0x000000008b200000, 0x000000008b300000|  0%| F|  |TAMS 0x000000008b200000, 0x000000008b200000| Untracked 
| 179|0x000000008b300000, 0x000000008b300000, 0x000000008b400000|  0%| F|  |TAMS 0x000000008b300000, 0x000000008b300000| Untracked 
| 180|0x000000008b400000, 0x000000008b400000, 0x000000008b500000|  0%| F|  |TAMS 0x000000008b400000, 0x000000008b400000| Untracked 
| 181|0x000000008b500000, 0x000000008b500000, 0x000000008b600000|  0%| F|  |TAMS 0x000000008b500000, 0x000000008b500000| Untracked 
| 182|0x000000008b600000, 0x000000008b600000, 0x000000008b700000|  0%| F|  |TAMS 0x000000008b600000, 0x000000008b600000| Untracked 
| 183|0x000000008b700000, 0x000000008b700000, 0x000000008b800000|  0%| F|  |TAMS 0x000000008b700000, 0x000000008b700000| Untracked 
| 184|0x000000008b800000, 0x000000008b800000, 0x000000008b900000|  0%| F|  |TAMS 0x000000008b800000, 0x000000008b800000| Untracked 
| 185|0x000000008b900000, 0x000000008b900000, 0x000000008ba00000|  0%| F|  |TAMS 0x000000008b900000, 0x000000008b900000| Untracked 
| 186|0x000000008ba00000, 0x000000008ba00000, 0x000000008bb00000|  0%| F|  |TAMS 0x000000008ba00000, 0x000000008ba00000| Untracked 
| 187|0x000000008bb00000, 0x000000008bb00000, 0x000000008bc00000|  0%| F|  |TAMS 0x000000008bb00000, 0x000000008bb00000| Untracked 
| 188|0x000000008bc00000, 0x000000008bc00000, 0x000000008bd00000|  0%| F|  |TAMS 0x000000008bc00000, 0x000000008bc00000| Untracked 
| 189|0x000000008bd00000, 0x000000008bd00000, 0x000000008be00000|  0%| F|  |TAMS 0x000000008bd00000, 0x000000008bd00000| Untracked 
| 190|0x000000008be00000, 0x000000008be00000, 0x000000008bf00000|  0%| F|  |TAMS 0x000000008be00000, 0x000000008be00000| Untracked 
| 191|0x000000008bf00000, 0x000000008bf00000, 0x000000008c000000|  0%| F|  |TAMS 0x000000008bf00000, 0x000000008bf00000| Untracked 

Card table byte_map: [0x0000013fada00000,0x0000013fade00000] _byte_map_base: 0x0000013fad600000

Marking Bits (Prev, Next): (CMBitMap*) 0x0000013f9a7f6fa8, (CMBitMap*) 0x0000013f9a7f6fe0
 Prev Bits: [0x0000013fae200000, 0x0000013fb0200000)
 Next Bits: [0x0000013fb0200000, 0x0000013fb2200000)

Polling page: 0x0000013f99f90000

Metaspace:

Usage:
  Non-class:     68.83 MB capacity,    67.83 MB ( 99%) used,   824.17 KB (  1%) free+waste,   192.56 KB ( <1%) overhead. 
      Class:     10.64 MB capacity,     9.97 MB ( 94%) used,   605.84 KB (  6%) free+waste,    88.38 KB ( <1%) overhead. 
       Both:     79.47 MB capacity,    77.80 MB ( 98%) used,     1.40 MB (  2%) free+waste,   280.94 KB ( <1%) overhead. 

Virtual space:
  Non-class space:       84.00 MB reserved,      68.86 MB ( 82%) committed 
      Class space:        1.00 GB reserved,      10.75 MB (  1%) committed 
             Both:        1.08 GB reserved,      79.61 MB (  7%) committed 

Chunk freelists:
   Non-Class:  37.00 KB
       Class:  13.00 KB
        Both:  50.00 KB

MaxMetaspaceSize: 17179869184.00 GB
CompressedClassSpaceSize: 1.00 GB
Initial GC threshold: 20.80 MB
Current GC threshold: 112.39 MB
CDS: off

CodeHeap 'non-profiled nmethods': size=120000Kb used=5080Kb max_used=5080Kb free=114919Kb
 bounds [0x0000013fa5da0000, 0x0000013fa62a0000, 0x0000013fad2d0000]
CodeHeap 'profiled nmethods': size=120000Kb used=16625Kb max_used=16625Kb free=103374Kb
 bounds [0x0000013f9e870000, 0x0000013f9f8b0000, 0x0000013fa5da0000]
CodeHeap 'non-nmethods': size=5760Kb used=2356Kb max_used=2407Kb free=3404Kb
 bounds [0x0000013f9e2d0000, 0x0000013f9e540000, 0x0000013f9e870000]
 total_blobs=8649 nmethods=7776 adapters=785
 compilation: enabled
              stopped_count=0, restarted_count=0
 full_count=0

Compilation events (20 events):
Event: 24.276 Thread 0x0000013fb552c000 7539       3       org.apache.commons.io.FilenameUtils::getPrefixLength (300 bytes)
Event: 24.281 Thread 0x0000013fb552c000 nmethod 7539 0x0000013f9f808610 code [0x0000013f9f808ac0, 0x0000013f9f80b298]
Event: 24.282 Thread 0x0000013fb552c000 7540       1       org.gradle.api.internal.DefaultMutationGuard::access$000 (5 bytes)
Event: 24.282 Thread 0x0000013fb552c000 nmethod 7540 0x0000013fa627c010 code [0x0000013fa627c1c0, 0x0000013fa627c258]
Event: 24.283 Thread 0x0000013fb552c000 7541       3       org.gradle.api.internal.provider.Collectors$TypedCollector::isProvidedBy (32 bytes)
Event: 24.284 Thread 0x0000013fb552c000 nmethod 7541 0x0000013f9f80bd10 code [0x0000013f9f80bee0, 0x0000013f9f80c348]
Event: 24.284 Thread 0x0000013fb552c000 7542       3       org.gradle.api.internal.provider.Collectors$ElementFromProvider::isProvidedBy (9 bytes)
Event: 24.285 Thread 0x0000013fb552c000 nmethod 7542 0x0000013f9f80c410 code [0x0000013f9f80c5e0, 0x0000013f9f80c8c8]
Event: 24.289 Thread 0x0000013fb5520000 nmethod 7530% 0x0000013fa627c310 code [0x0000013fa627c4e0, 0x0000013fa627cff8]
Event: 24.289 Thread 0x0000013fb5520000 7516       4       java.util.HashMap$HashIterator::<init> (79 bytes)
Event: 24.301 Thread 0x0000013fb5520000 nmethod 7516 0x0000013fa627d590 code [0x0000013fa627d720, 0x0000013fa627da98]
Event: 24.301 Thread 0x0000013fb5520000 7518       4       java.lang.ref.SoftReference::<init> (13 bytes)
Event: 24.305 Thread 0x0000013fb5520000 nmethod 7518 0x0000013fa627dc10 code [0x0000013fa627dda0, 0x0000013fa627df98]
Event: 24.305 Thread 0x0000013fb5520000 7532       4       com.google.common.collect.RegularImmutableMap::size (6 bytes)
Event: 24.305 Thread 0x0000013fb5520000 nmethod 7532 0x0000013fa627e010 code [0x0000013fa627e1a0, 0x0000013fa627e218]
Event: 24.335 Thread 0x0000013fb552c000 7543       3       com.google.common.collect.AbstractMapBasedMultimap$WrappedCollection::size (14 bytes)
Event: 24.335 Thread 0x0000013fb552c000 nmethod 7543 0x0000013f9f80ca10 code [0x0000013f9f80cbe0, 0x0000013f9f80ce58]
Event: 24.335 Thread 0x0000013fb552c000 7546   !   3       org.gradle.internal.instantiation.generator.AbstractClassGenerator::generateUnderLock (702 bytes)
Event: 24.335 Thread 0x0000013fb5520000 7547       4       org.gradle.internal.instantiation.generator.AbstractClassGenerator$ClassGenerationHandler::startType (1 bytes)
Event: 24.336 Thread 0x0000013fb5520000 nmethod 7547 0x0000013fa627e310 code [0x0000013fa627e4a0, 0x0000013fa627e4f8]

GC Heap History (18 events):
Event: 1.079 GC heap before
{Heap before GC invocations=0 (full 0):
 garbage-first heap   total 196608K, used 29696K [0x0000000080000000, 0x0000000100000000)
  region size 1024K, 24 young (24576K), 0 survivors (0K)
 Metaspace       used 9792K, capacity 9952K, committed 10112K, reserved 1058816K
  class space    used 1006K, capacity 1069K, committed 1152K, reserved 1048576K
}
Event: 1.084 GC heap after
{Heap after GC invocations=1 (full 0):
 garbage-first heap   total 196608K, used 9232K [0x0000000080000000, 0x0000000100000000)
  region size 1024K, 3 young (3072K), 3 survivors (3072K)
 Metaspace       used 9792K, capacity 9952K, committed 10112K, reserved 1058816K
  class space    used 1006K, capacity 1069K, committed 1152K, reserved 1048576K
}
Event: 3.771 GC heap before
{Heap before GC invocations=1 (full 0):
 garbage-first heap   total 196608K, used 113680K [0x0000000080000000, 0x0000000100000000)
  region size 1024K, 105 young (107520K), 3 survivors (3072K)
 Metaspace       used 20786K, capacity 21185K, committed 21296K, reserved 1069056K
  class space    used 2526K, capacity 2688K, committed 2688K, reserved 1048576K
}
Event: 3.782 GC heap after
{Heap after GC invocations=2 (full 0):
 garbage-first heap   total 196608K, used 17473K [0x0000000080000000, 0x0000000100000000)
  region size 1024K, 12 young (12288K), 12 survivors (12288K)
 Metaspace       used 20786K, capacity 21185K, committed 21296K, reserved 1069056K
  class space    used 2526K, capacity 2688K, committed 2688K, reserved 1048576K
}
Event: 4.546 GC heap before
{Heap before GC invocations=3 (full 0):
 garbage-first heap   total 196608K, used 65601K [0x0000000080000000, 0x0000000100000000)
  region size 1024K, 59 young (60416K), 12 survivors (12288K)
 Metaspace       used 25671K, capacity 26229K, committed 26368K, reserved 1073152K
  class space    used 3318K, capacity 3521K, committed 3584K, reserved 1048576K
}
Event: 4.554 GC heap after
{Heap after GC invocations=4 (full 0):
 garbage-first heap   total 196608K, used 19779K [0x0000000080000000, 0x0000000100000000)
  region size 1024K, 3 young (3072K), 3 survivors (3072K)
 Metaspace       used 25671K, capacity 26229K, committed 26368K, reserved 1073152K
  class space    used 3318K, capacity 3521K, committed 3584K, reserved 1048576K
}
Event: 5.720 GC heap before
{Heap before GC invocations=4 (full 0):
 garbage-first heap   total 196608K, used 86339K [0x0000000080000000, 0x0000000100000000)
  region size 1024K, 69 young (70656K), 3 survivors (3072K)
 Metaspace       used 35174K, capacity 35942K, committed 36048K, reserved 1081344K
  class space    used 4520K, capacity 4808K, committed 4864K, reserved 1048576K
}
Event: 5.726 GC heap after
{Heap after GC invocations=5 (full 0):
 garbage-first heap   total 196608K, used 22883K [0x0000000080000000, 0x0000000100000000)
  region size 1024K, 6 young (6144K), 6 survivors (6144K)
 Metaspace       used 35174K, capacity 35942K, committed 36048K, reserved 1081344K
  class space    used 4520K, capacity 4808K, committed 4864K, reserved 1048576K
}
Event: 7.376 GC heap before
{Heap before GC invocations=6 (full 0):
 garbage-first heap   total 196608K, used 137571K [0x0000000080000000, 0x0000000100000000)
  region size 1024K, 115 young (117760K), 6 survivors (6144K)
 Metaspace       used 44450K, capacity 45578K, committed 45776K, reserved 1089536K
  class space    used 5606K, capacity 6023K, committed 6144K, reserved 1048576K
}
Event: 7.389 GC heap after
{Heap after GC invocations=7 (full 0):
 garbage-first heap   total 196608K, used 29931K [0x0000000080000000, 0x0000000100000000)
  region size 1024K, 13 young (13312K), 13 survivors (13312K)
 Metaspace       used 44450K, capacity 45578K, committed 45776K, reserved 1089536K
  class space    used 5606K, capacity 6023K, committed 6144K, reserved 1048576K
}
Event: 10.487 GC heap before
{Heap before GC invocations=7 (full 0):
 garbage-first heap   total 196608K, used 141547K [0x0000000080000000, 0x0000000100000000)
  region size 1024K, 115 young (117760K), 13 survivors (13312K)
 Metaspace       used 48858K, capacity 50261K, committed 50512K, reserved 1093632K
  class space    used 6179K, capacity 6693K, committed 6784K, reserved 1048576K
}
Event: 10.500 GC heap after
{Heap after GC invocations=8 (full 0):
 garbage-first heap   total 196608K, used 47674K [0x0000000080000000, 0x0000000100000000)
  region size 1024K, 15 young (15360K), 15 survivors (15360K)
 Metaspace       used 48858K, capacity 50261K, committed 50512K, reserved 1093632K
  class space    used 6179K, capacity 6693K, committed 6784K, reserved 1048576K
}
Event: 15.656 GC heap before
{Heap before GC invocations=8 (full 0):
 garbage-first heap   total 196608K, used 133690K [0x0000000080000000, 0x0000000100000000)
  region size 1024K, 98 young (100352K), 15 survivors (15360K)
 Metaspace       used 58884K, capacity 60431K, committed 60508K, reserved 1101824K
  class space    used 7391K, capacity 7991K, committed 8064K, reserved 1048576K
}
Event: 15.680 GC heap after
{Heap after GC invocations=9 (full 0):
 garbage-first heap   total 196608K, used 55089K [0x0000000080000000, 0x0000000100000000)
  region size 1024K, 6 young (6144K), 6 survivors (6144K)
 Metaspace       used 58884K, capacity 60431K, committed 60508K, reserved 1101824K
  class space    used 7391K, capacity 7991K, committed 8064K, reserved 1048576K
}
Event: 17.775 GC heap before
{Heap before GC invocations=10 (full 0):
 garbage-first heap   total 196608K, used 153393K [0x0000000080000000, 0x0000000100000000)
  region size 1024K, 95 young (97280K), 6 survivors (6144K)
 Metaspace       used 67015K, capacity 68589K, committed 68852K, reserved 1110016K
  class space    used 8410K, capacity 9033K, committed 9088K, reserved 1048576K
}
Event: 17.785 GC heap after
{Heap after GC invocations=11 (full 0):
 garbage-first heap   total 196608K, used 61372K [0x0000000080000000, 0x0000000100000000)
  region size 1024K, 12 young (12288K), 12 survivors (12288K)
 Metaspace       used 67015K, capacity 68589K, committed 68852K, reserved 1110016K
  class space    used 8410K, capacity 9033K, committed 9088K, reserved 1048576K
}
Event: 20.404 GC heap before
{Heap before GC invocations=12 (full 0):
 garbage-first heap   total 196608K, used 149436K [0x0000000080000000, 0x0000000100000000)
  region size 1024K, 98 young (100352K), 12 survivors (12288K)
 Metaspace       used 71379K, capacity 73047K, committed 73332K, reserved 1114112K
  class space    used 8938K, capacity 9596K, committed 9728K, reserved 1048576K
}
Event: 20.415 GC heap after
{Heap after GC invocations=13 (full 0):
 garbage-first heap   total 196608K, used 67514K [0x0000000080000000, 0x0000000100000000)
  region size 1024K, 7 young (7168K), 7 survivors (7168K)
 Metaspace       used 71379K, capacity 73047K, committed 73332K, reserved 1114112K
  class space    used 8938K, capacity 9596K, committed 9728K, reserved 1048576K
}

Deoptimization events (20 events):
Event: 20.347 Thread 0x0000013fb80e0800 DEOPT PACKING pc=0x0000013f9f4e78a7 sp=0x000000355dff8820
Event: 20.347 Thread 0x0000013fb80e0800 DEOPT UNPACKING pc=0x0000013f9e31a95e sp=0x000000355dff7cd0 mode 0
Event: 21.524 Thread 0x0000013fb80e0800 Uncommon trap: trap_request=0xffffff4d fr.pc=0x0000013fa60481c8 relative=0x0000000000000268
Event: 21.524 Thread 0x0000013fb80e0800 Uncommon trap: reason=unstable_if action=reinterpret pc=0x0000013fa60481c8 method=java.io.WinNTFileSystem.prefixLength(Ljava/lang/String;)I @ 11 c2
Event: 21.524 Thread 0x0000013fb80e0800 DEOPT PACKING pc=0x0000013fa60481c8 sp=0x000000355dff93a0
Event: 21.524 Thread 0x0000013fb80e0800 DEOPT UNPACKING pc=0x0000013f9e31a1af sp=0x000000355dff9320 mode 2
Event: 22.285 Thread 0x0000013fb80e0800 Uncommon trap: trap_request=0xffffff7e fr.pc=0x0000013fa624b328 relative=0x0000000000000368
Event: 22.285 Thread 0x0000013fb80e0800 Uncommon trap: reason=predicate action=maybe_recompile pc=0x0000013fa624b328 method=java.util.AbstractCollection.toArray([Ljava/lang/Object;)[Ljava/lang/Object; @ 43 c2
Event: 22.285 Thread 0x0000013fb80e0800 DEOPT PACKING pc=0x0000013fa624b328 sp=0x000000355dff91e0
Event: 22.285 Thread 0x0000013fb80e0800 DEOPT UNPACKING pc=0x0000013f9e31a1af sp=0x000000355dff9188 mode 2
Event: 22.436 Thread 0x0000013fb80e0800 Uncommon trap: trap_request=0xffffffde fr.pc=0x0000013fa6156b10 relative=0x0000000000000ef0
Event: 22.436 Thread 0x0000013fb80e0800 Uncommon trap: reason=class_check action=maybe_recompile pc=0x0000013fa6156b10 method=org.gradle.internal.instantiation.generator.AbstractClassGenerator$InjectionAnnotationValidator.validateMethod(Ljava/lang/reflect/Method;Lorg/gradle/internal/reflect/Pro
Event: 22.436 Thread 0x0000013fb80e0800 DEOPT PACKING pc=0x0000013fa6156b10 sp=0x000000355dff89d0
Event: 22.436 Thread 0x0000013fb80e0800 DEOPT UNPACKING pc=0x0000013f9e31a1af sp=0x000000355dff8988 mode 2
Event: 23.392 Thread 0x0000013fb80e0800 DEOPT PACKING pc=0x0000013f9ed06691 sp=0x000000355dff8d50
Event: 23.392 Thread 0x0000013fb80e0800 DEOPT UNPACKING pc=0x0000013f9e31a95e sp=0x000000355dff8228 mode 0
Event: 23.762 Thread 0x0000013fb80e0800 DEOPT PACKING pc=0x0000013f9f439073 sp=0x000000355dff8000
Event: 23.762 Thread 0x0000013fb80e0800 DEOPT UNPACKING pc=0x0000013f9e31a95e sp=0x000000355dff75a0 mode 0
Event: 24.218 Thread 0x0000013fb80e0800 DEOPT PACKING pc=0x0000013f9f43976c sp=0x000000355dff6410
Event: 24.218 Thread 0x0000013fb80e0800 DEOPT UNPACKING pc=0x0000013f9e31a95e sp=0x000000355dff59d8 mode 0

Classes redefined (0 events):
No events

Internal exceptions (20 events):
Event: 19.518 Thread 0x0000013fb80e0800 Exception <a 'java/lang/ClassNotFoundException'{0x00000000880a3e98}: com/android/build/gradle/internal/CompileOptions$AgpDecoratedBeanInfo> (0x00000000880a3e98) thrown at [./src/hotspot/share/classfile/systemDictionary.cpp, line 231]
Event: 19.519 Thread 0x0000013fb80e0800 Exception <a 'java/lang/ClassNotFoundException'{0x00000000880c32a8}: com/android/build/gradle/internal/CompileOptionsBeanInfo> (0x00000000880c32a8) thrown at [./src/hotspot/share/classfile/systemDictionary.cpp, line 231]
Event: 19.519 Thread 0x0000013fb80e0800 Exception <a 'java/lang/ClassNotFoundException'{0x00000000880e32f8}: com/android/build/gradle/internal/CompileOptionsCustomizer> (0x00000000880e32f8) thrown at [./src/hotspot/share/classfile/systemDictionary.cpp, line 231]
Event: 19.520 Thread 0x0000013fb80e0800 Exception <a 'java/lang/ClassNotFoundException'{0x0000000087f11ed8}: com/android/build/gradle/internal/CompileOptions$AgpDecoratedCustomizer> (0x0000000087f11ed8) thrown at [./src/hotspot/share/classfile/systemDictionary.cpp, line 231]
Event: 19.521 Thread 0x0000013fb80e0800 Exception <a 'java/lang/ClassNotFoundException'{0x0000000087f43db0}: com/android/build/gradle/internal/CompileOptions$AgpDecorated_DecoratedCustomizer> (0x0000000087f43db0) thrown at [./src/hotspot/share/classfile/systemDictionary.cpp, line 231]
Event: 19.562 Thread 0x0000013fb80e0800 Exception <a 'java/lang/ClassNotFoundException'{0x0000000087ec4178}: org/jetbrains/kotlin/gradle/dsl/KotlinJvmOptionsImplBeanInfo> (0x0000000087ec4178) thrown at [./src/hotspot/share/classfile/systemDictionary.cpp, line 231]
Event: 19.562 Thread 0x0000013fb80e0800 Exception <a 'java/lang/ClassNotFoundException'{0x0000000087ee3848}: org/jetbrains/kotlin/gradle/dsl/KotlinJvmOptionsBaseBeanInfo> (0x0000000087ee3848) thrown at [./src/hotspot/share/classfile/systemDictionary.cpp, line 231]
Event: 19.563 Thread 0x0000013fb80e0800 Exception <a 'java/lang/ClassNotFoundException'{0x0000000087d03860}: org/jetbrains/kotlin/gradle/dsl/KotlinJvmOptionsBaseCustomizer> (0x0000000087d03860) thrown at [./src/hotspot/share/classfile/systemDictionary.cpp, line 231]
Event: 19.564 Thread 0x0000013fb80e0800 Exception <a 'java/lang/ClassNotFoundException'{0x0000000087d34f98}: org/jetbrains/kotlin/gradle/dsl/KotlinJvmOptionsImplCustomizer> (0x0000000087d34f98) thrown at [./src/hotspot/share/classfile/systemDictionary.cpp, line 231]
Event: 22.621 Thread 0x0000013fb80e0800 Exception <a 'java/lang/ClassNotFoundException'{0x0000000089d1c918}: com/android/build/gradle/internal/api/ApkVariantOutputImpl_DecoratedBeanInfo> (0x0000000089d1c918) thrown at [./src/hotspot/share/classfile/systemDictionary.cpp, line 231]
Event: 22.622 Thread 0x0000013fb80e0800 Exception <a 'java/lang/ClassNotFoundException'{0x0000000089d3ad68}: com/android/build/gradle/internal/api/ApkVariantOutputImplBeanInfo> (0x0000000089d3ad68) thrown at [./src/hotspot/share/classfile/systemDictionary.cpp, line 231]
Event: 22.623 Thread 0x0000013fb80e0800 Exception <a 'java/lang/ClassNotFoundException'{0x0000000089d59a90}: com/android/build/gradle/internal/api/BaseVariantOutputImplBeanInfo> (0x0000000089d59a90) thrown at [./src/hotspot/share/classfile/systemDictionary.cpp, line 231]
Event: 22.626 Thread 0x0000013fb80e0800 Exception <a 'java/lang/ClassNotFoundException'{0x0000000089d78850}: com/android/build/gradle/internal/api/BaseVariantOutputImplCustomizer> (0x0000000089d78850) thrown at [./src/hotspot/share/classfile/systemDictionary.cpp, line 231]
Event: 22.631 Thread 0x0000013fb80e0800 Exception <a 'java/lang/ClassNotFoundException'{0x0000000089db0cf8}: com/android/build/gradle/internal/api/ApkVariantOutputImplCustomizer> (0x0000000089db0cf8) thrown at [./src/hotspot/share/classfile/systemDictionary.cpp, line 231]
Event: 22.632 Thread 0x0000013fb80e0800 Exception <a 'java/lang/ClassNotFoundException'{0x0000000089ddee28}: com/android/build/gradle/internal/api/ApkVariantOutputImpl_DecoratedCustomizer> (0x0000000089ddee28) thrown at [./src/hotspot/share/classfile/systemDictionary.cpp, line 231]
Event: 23.089 Thread 0x0000013fb80e0800 Exception <a 'java/lang/ClassNotFoundException'{0x000000008980bae8}: com/android/build/gradle/internal/api/ReadOnlyBuildTypeBeanInfo> (0x000000008980bae8) thrown at [./src/hotspot/share/classfile/systemDictionary.cpp, line 231]
Event: 23.090 Thread 0x0000013fb80e0800 Exception <a 'java/lang/ClassNotFoundException'{0x000000008982a880}: com/android/build/gradle/internal/api/ReadOnlyBaseConfigBeanInfo> (0x000000008982a880) thrown at [./src/hotspot/share/classfile/systemDictionary.cpp, line 231]
Event: 23.091 Thread 0x0000013fb80e0800 Exception <a 'java/lang/ClassNotFoundException'{0x000000008984a1d8}: com/android/build/gradle/internal/api/ReadOnlyBaseConfigCustomizer> (0x000000008984a1d8) thrown at [./src/hotspot/share/classfile/systemDictionary.cpp, line 231]
Event: 23.093 Thread 0x0000013fb80e0800 Exception <a 'java/lang/ClassNotFoundException'{0x00000000898796b0}: com/android/build/gradle/internal/api/ReadOnlyBuildTypeCustomizer> (0x00000000898796b0) thrown at [./src/hotspot/share/classfile/systemDictionary.cpp, line 231]
Event: 23.213 Thread 0x0000013fb80e0800 Exception <a 'java/lang/NoSuchMethodError'{0x0000000089579208}: 'void java.lang.invoke.DirectMethodHandle$Holder.invokeStatic(java.lang.Object, java.lang.Object, java.lang.Object, java.lang.Object, java.lang.Object, java.lang.Object, java.lang.Object)'> (0x0000000089579208) thrown at [./src/hotspot/share/interpreter/linkResolver.cpp, line 773]

Events (20 events):
Event: 24.288 loading class org/jetbrains/kotlin/gradle/tasks/configuration/KaptConfig$2
Event: 24.288 loading class org/jetbrains/kotlin/gradle/tasks/configuration/KaptConfig$2 done
Event: 24.289 loading class org/jetbrains/kotlin/gradle/tasks/configuration/KaptWithoutKotlincConfig$1
Event: 24.289 loading class org/jetbrains/kotlin/gradle/tasks/configuration/KaptWithoutKotlincConfig$1 done
Event: 24.292 loading class org/jetbrains/kotlin/gradle/tasks/configuration/KaptWithoutKotlincConfig$2$1
Event: 24.292 loading class org/jetbrains/kotlin/gradle/tasks/configuration/KaptWithoutKotlincConfig$2$1 done
Event: 24.295 loading class org/jetbrains/kotlin/gradle/utils/ProviderApiUtilsKt$sam$i$java_util_concurrent_Callable$0
Event: 24.295 loading class org/jetbrains/kotlin/gradle/utils/ProviderApiUtilsKt$sam$i$java_util_concurrent_Callable$0 done
Event: 24.296 loading class org/jetbrains/kotlin/gradle/tasks/configuration/KaptWithoutKotlincConfig$3
Event: 24.296 loading class org/jetbrains/kotlin/gradle/tasks/configuration/KaptWithoutKotlincConfig$3 done
Event: 24.298 loading class org/jetbrains/kotlin/gradle/internal/Kapt3GradleSubplugin$createKaptKotlinTask$1
Event: 24.298 loading class org/jetbrains/kotlin/gradle/internal/Kapt3GradleSubplugin$createKaptKotlinTask$1 done
Event: 24.299 loading class org/jetbrains/kotlin/gradle/internal/Kapt3GradleSubplugin$createKaptKotlinTask$2
Event: 24.299 loading class org/jetbrains/kotlin/gradle/internal/Kapt3GradleSubplugin$createKaptKotlinTask$2 done
Event: 24.301 loading class org/jetbrains/kotlin/gradle/internal/kapt/incremental/StructureTransformAction
Event: 24.301 loading class org/jetbrains/kotlin/gradle/internal/kapt/incremental/StructureTransformAction done
Event: 24.329 loading class org/jetbrains/kotlin/gradle/tasks/configuration/KaptConfig$maybeRegisterTransform$1
Event: 24.329 loading class org/jetbrains/kotlin/gradle/tasks/configuration/KaptConfig$maybeRegisterTransform$1 done
Event: 24.331 loading class org/jetbrains/kotlin/gradle/tasks/configuration/KaptConfigKt
Event: 24.331 loading class org/jetbrains/kotlin/gradle/tasks/configuration/KaptConfigKt done


Dynamic libraries:
0x00007ff7ba010000 - 0x00007ff7ba01a000 	C:\Program Files\Android\Android Studio\jre\bin\java.exe
0x00007ff9dfa90000 - 0x00007ff9dfc88000 	C:\WINDOWS\SYSTEM32\ntdll.dll
0x00007ff9ddfb0000 - 0x00007ff9de06d000 	C:\WINDOWS\System32\KERNEL32.DLL
0x00007ff9dd320000 - 0x00007ff9dd616000 	C:\WINDOWS\System32\KERNELBASE.dll
0x00007ff9dd220000 - 0x00007ff9dd320000 	C:\WINDOWS\System32\ucrtbase.dll
0x00007ff9cd360000 - 0x00007ff9cd379000 	C:\Program Files\Android\Android Studio\jre\bin\jli.dll
0x00007ff9cb660000 - 0x00007ff9cb677000 	C:\Program Files\Android\Android Studio\jre\bin\VCRUNTIME140.dll
0x00007ff9dddb0000 - 0x00007ff9ddf4e000 	C:\WINDOWS\System32\USER32.dll
0x00007ff9dd1f0000 - 0x00007ff9dd212000 	C:\WINDOWS\System32\win32u.dll
0x00007ff9d03b0000 - 0x00007ff9d064a000 	C:\WINDOWS\WinSxS\amd64_microsoft.windows.common-controls_6595b64144ccf1df_6.0.19041.3636_none_60b6a03d71f818d5\COMCTL32.dll
0x00007ff9ddc40000 - 0x00007ff9ddc6c000 	C:\WINDOWS\System32\GDI32.dll
0x00007ff9dea00000 - 0x00007ff9dea9e000 	C:\WINDOWS\System32\msvcrt.dll
0x00007ff9dd9c0000 - 0x00007ff9ddada000 	C:\WINDOWS\System32\gdi32full.dll
0x00007ff9dd6c0000 - 0x00007ff9dd75d000 	C:\WINDOWS\System32\msvcp_win.dll
0x00007ff9ddc10000 - 0x00007ff9ddc40000 	C:\WINDOWS\System32\IMM32.DLL
0x00007ff9ae090000 - 0x00007ff9ae12d000 	C:\Program Files\Android\Android Studio\jre\bin\msvcp140.dll
0x00007ff9a4610000 - 0x00007ff9a5112000 	C:\Program Files\Android\Android Studio\jre\bin\server\jvm.dll
0x00007ff9ddcf0000 - 0x00007ff9ddda3000 	C:\WINDOWS\System32\ADVAPI32.dll
0x00007ff9df3d0000 - 0x00007ff9df46f000 	C:\WINDOWS\System32\sechost.dll
0x00007ff9df6d0000 - 0x00007ff9df7f6000 	C:\WINDOWS\System32\RPCRT4.dll
0x00007ff9dd620000 - 0x00007ff9dd647000 	C:\WINDOWS\System32\bcrypt.dll
0x00007ff9dfa40000 - 0x00007ff9dfa48000 	C:\WINDOWS\System32\PSAPI.DLL
0x00007ff9ba3f0000 - 0x00007ff9ba3f9000 	C:\WINDOWS\SYSTEM32\WSOCK32.dll
0x00007ff9d6320000 - 0x00007ff9d6347000 	C:\WINDOWS\SYSTEM32\WINMM.dll
0x00007ff9d9cc0000 - 0x00007ff9d9cca000 	C:\WINDOWS\SYSTEM32\VERSION.dll
0x00007ff9df600000 - 0x00007ff9df66b000 	C:\WINDOWS\System32\WS2_32.dll
0x00007ff9dbaf0000 - 0x00007ff9dbb02000 	C:\WINDOWS\SYSTEM32\kernel.appcore.dll
0x00007ff9d13f0000 - 0x00007ff9d1401000 	C:\Program Files\Android\Android Studio\jre\bin\verify.dll
0x00007ff9db7c0000 - 0x00007ff9db9a4000 	C:\WINDOWS\SYSTEM32\DBGHELP.DLL
0x00007ff9c4eb0000 - 0x00007ff9c4ee4000 	C:\WINDOWS\SYSTEM32\dbgcore.DLL
0x00007ff9dd160000 - 0x00007ff9dd1e2000 	C:\WINDOWS\System32\bcryptPrimitives.dll
0x00007ff9ce230000 - 0x00007ff9ce259000 	C:\Program Files\Android\Android Studio\jre\bin\java.dll
0x00007ff9d9760000 - 0x00007ff9d976b000 	C:\Program Files\Android\Android Studio\jre\bin\jimage.dll
0x00007ff9d10f0000 - 0x00007ff9d1108000 	C:\Program Files\Android\Android Studio\jre\bin\zip.dll
0x00007ff9deb60000 - 0x00007ff9df2a5000 	C:\WINDOWS\System32\SHELL32.dll
0x00007ff9daeb0000 - 0x00007ff9db64b000 	C:\WINDOWS\SYSTEM32\windows.storage.dll
0x00007ff9de130000 - 0x00007ff9de484000 	C:\WINDOWS\System32\combase.dll
0x00007ff9dcac0000 - 0x00007ff9dcaed000 	C:\WINDOWS\SYSTEM32\Wldp.dll
0x00007ff9de080000 - 0x00007ff9de12d000 	C:\WINDOWS\System32\SHCORE.dll
0x00007ff9df5a0000 - 0x00007ff9df5f5000 	C:\WINDOWS\System32\shlwapi.dll
0x00007ff9dd090000 - 0x00007ff9dd0b5000 	C:\WINDOWS\SYSTEM32\profapi.dll
0x00007ff9d1070000 - 0x00007ff9d108a000 	C:\Program Files\Android\Android Studio\jre\bin\net.dll
0x00007ff9d55e0000 - 0x00007ff9d56ea000 	C:\WINDOWS\SYSTEM32\WINHTTP.dll
0x00007ff9dc820000 - 0x00007ff9dc88a000 	C:\WINDOWS\system32\mswsock.dll
0x00007ff9ce210000 - 0x00007ff9ce224000 	C:\Program Files\Android\Android Studio\jre\bin\nio.dll
0x00007ff9b3ea0000 - 0x00007ff9b3ec7000 	C:\Users\gadha\.gradle\native\e1d6ef7f7dcc3fd88c89a11ec53ec762bb8ba0a96d01ffa2cd45eb1d1d8dd5c5\windows-amd64\native-platform.dll
0x00007ff9aae30000 - 0x00007ff9aaf74000 	C:\Users\gadha\.gradle\native\0d407fdbe67a94daf76414ababcb853783967236a71b16ec16e742cd7a986fd3\windows-amd64\native-platform-file-events.dll
0x00007ff9d9280000 - 0x00007ff9d928a000 	C:\Program Files\Android\Android Studio\jre\bin\management.dll
0x00007ff9d3da0000 - 0x00007ff9d3dad000 	C:\Program Files\Android\Android Studio\jre\bin\management_ext.dll
0x00007ff9dca20000 - 0x00007ff9dca38000 	C:\WINDOWS\SYSTEM32\CRYPTSP.dll
0x00007ff9dc150000 - 0x00007ff9dc184000 	C:\WINDOWS\system32\rsaenh.dll
0x00007ff9dcfe0000 - 0x00007ff9dd00e000 	C:\WINDOWS\SYSTEM32\USERENV.dll
0x00007ff9dca10000 - 0x00007ff9dca1c000 	C:\WINDOWS\SYSTEM32\CRYPTBASE.dll
0x00007ff9dc510000 - 0x00007ff9dc54b000 	C:\WINDOWS\SYSTEM32\IPHLPAPI.DLL
0x00007ff9de070000 - 0x00007ff9de078000 	C:\WINDOWS\System32\NSI.dll
0x00007ff9d55c0000 - 0x00007ff9d55d7000 	C:\WINDOWS\SYSTEM32\dhcpcsvc6.DLL
0x00007ff9d5b50000 - 0x00007ff9d5b6d000 	C:\WINDOWS\SYSTEM32\dhcpcsvc.DLL
0x00007ff9dc550000 - 0x00007ff9dc61a000 	C:\WINDOWS\SYSTEM32\DNSAPI.dll

dbghelp: loaded successfully - version: 4.0.5 - missing functions: none
symbol engine: initialized successfully - sym options: 0x614 - pdb path: .;C:\Program Files\Android\Android Studio\jre\bin;C:\WINDOWS\SYSTEM32;C:\WINDOWS\WinSxS\amd64_microsoft.windows.common-controls_6595b64144ccf1df_6.0.19041.3636_none_60b6a03d71f818d5;C:\Program Files\Android\Android Studio\jre\bin\server;C:\Users\gadha\.gradle\native\e1d6ef7f7dcc3fd88c89a11ec53ec762bb8ba0a96d01ffa2cd45eb1d1d8dd5c5\windows-amd64;C:\Users\gadha\.gradle\native\0d407fdbe67a94daf76414ababcb853783967236a71b16ec16e742cd7a986fd3\windows-amd64

VM Arguments:
jvm_args: --add-opens=java.base/java.util=ALL-UNNAMED --add-opens=java.base/java.lang=ALL-UNNAMED --add-opens=java.base/java.lang.invoke=ALL-UNNAMED --add-opens=java.base/java.util=ALL-UNNAMED --add-opens=java.prefs/java.util.prefs=ALL-UNNAMED --add-opens=java.prefs/java.util.prefs=ALL-UNNAMED --add-opens=java.base/java.nio.charset=ALL-UNNAMED --add-opens=java.base/java.net=ALL-UNNAMED --add-opens=java.base/java.util.concurrent.atomic=ALL-UNNAMED -Xmx2048m -Dfile.encoding=UTF-8 -Duser.country=US -Duser.language=en -Duser.variant 
java_command: org.gradle.launcher.daemon.bootstrap.GradleDaemon 7.4
java_class_path (initial): C:\Users\gadha\.gradle\wrapper\dists\gradle-7.4-bin\c0gwcg53nkjbqw7r0h0umtfvt\gradle-7.4\lib\gradle-launcher-7.4.jar
Launcher Type: SUN_STANDARD

[Global flags]
     intx CICompilerCount                          = 4                                         {product} {ergonomic}
     uint ConcGCThreads                            = 2                                         {product} {ergonomic}
     uint G1ConcRefinementThreads                  = 8                                         {product} {ergonomic}
   size_t G1HeapRegionSize                         = 1048576                                   {product} {ergonomic}
    uintx GCDrainStackTargetSize                   = 64                                        {product} {ergonomic}
   size_t InitialHeapSize                          = 201326592                                 {product} {ergonomic}
   size_t MarkStackSize                            = 4194304                                   {product} {ergonomic}
   size_t MaxHeapSize                              = 2147483648                                {product} {command line}
   size_t MaxNewSize                               = 1287651328                                {product} {ergonomic}
   size_t MinHeapDeltaBytes                        = 1048576                                   {product} {ergonomic}
    uintx NonNMethodCodeHeapSize                   = 5836300                                {pd product} {ergonomic}
    uintx NonProfiledCodeHeapSize                  = 122910970                              {pd product} {ergonomic}
    uintx ProfiledCodeHeapSize                     = 122910970                              {pd product} {ergonomic}
    uintx ReservedCodeCacheSize                    = 251658240                              {pd product} {ergonomic}
     bool SegmentedCodeCache                       = true                                      {product} {ergonomic}
     bool UseCompressedClassPointers               = true                                 {lp64_product} {ergonomic}
     bool UseCompressedOops                        = true                                 {lp64_product} {ergonomic}
     bool UseG1GC                                  = true                                      {product} {ergonomic}
     bool UseLargePagesIndividualAllocation        = false                                  {pd product} {ergonomic}

Logging:
Log output configuration:
 #0: stdout all=warning uptime,level,tags
 #1: stderr all=off uptime,level,tags

Environment Variables:
PATH=C:\Program Files\Common Files\Oracle\Java\javapath;C:\Program Files (x86)\Intel\iCLS Client\;C:\Program Files\Intel\iCLS Client\;C:\WINDOWS\system32;C:\WINDOWS;C:\WINDOWS\System32\Wbem;C:\WINDOWS\System32\WindowsPowerShell\v1.0\;C:\Program Files (x86)\Intel\Intel(R) Management Engine Components\DAL;C:\Program Files\Intel\Intel(R) Management Engine Components\DAL;C:\Program Files (x86)\Intel\Intel(R) Management Engine Components\IPT;C:\Program Files\Intel\Intel(R) Management Engine Components\IPT;C:\WINDOWS\System32\OpenSSH\;C:\MinGW\bin;C:\Users\gadha\AppData\Local\Microsoft\WindowsApps
USERNAME=gadha
OS=Windows_NT
PROCESSOR_IDENTIFIER=Intel64 Family 6 Model 142 Stepping 10, GenuineIntel



---------------  S Y S T E M  ---------------

OS: Windows 10 , 64 bit Build 19041 (10.0.19041.3636)
OS uptime: 37 days 3:02 hours

CPU:total 8 (initial active 8) (4 cores per cpu, 2 threads per core) family 6 model 142 stepping 10 microcode 0xea, cmov, cx8, fxsr, mmx, sse, sse2, sse3, ssse3, sse4.1, sse4.2, popcnt, avx, avx2, aes, clmul, erms, 3dnowpref, lzcnt, ht, tsc, tscinvbit, bmi1, bmi2, adx, fma

Memory: 4k page, system-wide physical 12197M (482M free)
TotalPageFile size 12197M (AvailPageFile size 3M)
current process WorkingSet (physical memory assigned to process): 419M, peak: 421M
current process commit charge ("private bytes"): 464M, peak: 473M

vm_info: OpenJDK 64-Bit Server VM (11.0.13+0-b1751.21-8125866) for windows-amd64 JRE (11.0.13+0-b1751.21-8125866), built on Feb  2 2022 03:00:22 by "builder" with MS VC++ 14.0 (VS2015)

END.
